[2023-06-23T02:33:20.279+0000] {taskinstance.py:1090} INFO - Dependencies all met for dep_context=non-requeueable deps ti=<TaskInstance: showpulse_dbt_dag.dbt_run scheduled__2023-06-23T02:32:15.976678+00:00 [queued]>
[2023-06-23T02:33:20.288+0000] {taskinstance.py:1090} INFO - Dependencies all met for dep_context=requeueable deps ti=<TaskInstance: showpulse_dbt_dag.dbt_run scheduled__2023-06-23T02:32:15.976678+00:00 [queued]>
[2023-06-23T02:33:20.289+0000] {taskinstance.py:1288} INFO - 
--------------------------------------------------------------------------------
[2023-06-23T02:33:20.289+0000] {taskinstance.py:1289} INFO - Starting attempt 1 of 1
[2023-06-23T02:33:20.290+0000] {taskinstance.py:1290} INFO - 
--------------------------------------------------------------------------------
[2023-06-23T02:33:20.300+0000] {taskinstance.py:1309} INFO - Executing <Task(BashOperator): dbt_run> on 2023-06-23 02:32:15.976678+00:00
[2023-06-23T02:33:20.304+0000] {standard_task_runner.py:55} INFO - Started process 26354 to run task
[2023-06-23T02:33:20.308+0000] {standard_task_runner.py:82} INFO - Running: ['***', 'tasks', 'run', 'showpulse_dbt_dag', 'dbt_run', 'scheduled__2023-06-23T02:32:15.976678+00:00', '--job-id', '2808', '--raw', '--subdir', 'DAGS_FOLDER/dbt_run.py', '--cfg-path', '/tmp/tmp5j6jqsnl']
[2023-06-23T02:33:20.309+0000] {standard_task_runner.py:83} INFO - Job 2808: Subtask dbt_run
[2023-06-23T02:33:20.365+0000] {task_command.py:389} INFO - Running <TaskInstance: showpulse_dbt_dag.dbt_run scheduled__2023-06-23T02:32:15.976678+00:00 [running]> on host 62cfed75eae1
[2023-06-23T02:33:20.415+0000] {taskinstance.py:1518} INFO - Exporting the following env vars:
AIRFLOW_CTX_DAG_OWNER=nburkett
AIRFLOW_CTX_DAG_ID=showpulse_dbt_dag
AIRFLOW_CTX_TASK_ID=dbt_run
AIRFLOW_CTX_EXECUTION_DATE=2023-06-23T02:32:15.976678+00:00
AIRFLOW_CTX_TRY_NUMBER=1
AIRFLOW_CTX_DAG_RUN_ID=scheduled__2023-06-23T02:32:15.976678+00:00
[2023-06-23T02:33:20.416+0000] {subprocess.py:63} INFO - Tmp dir root location: 
 /tmp
[2023-06-23T02:33:20.417+0000] {subprocess.py:75} INFO - Running command: ['/bin/bash', '-c', 'cd /dbt/ticketmaster_transformation && dbt run']
[2023-06-23T02:33:20.425+0000] {subprocess.py:86} INFO - Output:
[2023-06-23T02:33:21.785+0000] {subprocess.py:93} INFO - [0m02:33:21  Running with dbt=1.5.1
[2023-06-23T02:33:22.326+0000] {subprocess.py:93} INFO - [0m02:33:22  Found 4 models, 0 tests, 0 snapshots, 0 analyses, 356 macros, 0 operations, 0 seed files, 3 sources, 0 exposures, 0 metrics, 0 groups
[2023-06-23T02:33:22.329+0000] {subprocess.py:93} INFO - [0m02:33:22
[2023-06-23T02:33:23.052+0000] {subprocess.py:93} INFO - [0m02:33:23  Concurrency: 4 threads (target='dev')
[2023-06-23T02:33:23.055+0000] {subprocess.py:93} INFO - [0m02:33:23
[2023-06-23T02:33:23.063+0000] {subprocess.py:93} INFO - [0m02:33:23  1 of 4 START sql table model twitter_kafka_pyspark_test.distinct_data .......... [RUN]
[2023-06-23T02:33:23.066+0000] {subprocess.py:93} INFO - [0m02:33:23  2 of 4 START sql table model twitter_kafka_pyspark_test.dm_events .............. [RUN]
[2023-06-23T02:33:23.067+0000] {subprocess.py:93} INFO - [0m02:33:23  3 of 4 START sql table model twitter_kafka_pyspark_test.my_first_dbt_model ..... [RUN]
[2023-06-23T02:33:25.540+0000] {subprocess.py:93} INFO - [0m02:33:25  3 of 4 OK created sql table model twitter_kafka_pyspark_test.my_first_dbt_model  [[32mCREATE TABLE (2.0 rows, 0 processed)[0m in 2.47s]
[2023-06-23T02:33:25.546+0000] {subprocess.py:93} INFO - [0m02:33:25  4 of 4 START sql view model twitter_kafka_pyspark_test.my_second_dbt_model ..... [RUN]
[2023-06-23T02:33:25.956+0000] {subprocess.py:93} INFO - [0m02:33:25  BigQuery adapter: https://console.cloud.google.com/bigquery?project=global-maxim-338114&j=bq:US:140e8d89-aca6-4dc1-9744-b22a68fd4d89&page=queryresults
[2023-06-23T02:33:25.980+0000] {subprocess.py:93} INFO - [0m02:33:25  2 of 4 OK created sql table model twitter_kafka_pyspark_test.dm_events ......... [[32mCREATE TABLE (217.0 rows, 32.0 KiB processed)[0m in 2.90s]
[2023-06-23T02:33:25.991+0000] {subprocess.py:93} INFO - [0m02:33:25  1 of 4 ERROR creating sql table model twitter_kafka_pyspark_test.distinct_data . [[31mERROR[0m in 2.92s]
[2023-06-23T02:33:26.382+0000] {subprocess.py:93} INFO - [0m02:33:26  4 of 4 OK created sql view model twitter_kafka_pyspark_test.my_second_dbt_model  [[32mCREATE VIEW (0 processed)[0m in 0.83s]
[2023-06-23T02:33:26.413+0000] {subprocess.py:93} INFO - [0m02:33:26
[2023-06-23T02:33:26.414+0000] {subprocess.py:93} INFO - [0m02:33:26  Finished running 3 table models, 1 view model in 0 hours 0 minutes and 4.08 seconds (4.08s).
[2023-06-23T02:33:26.430+0000] {subprocess.py:93} INFO - [0m02:33:26
[2023-06-23T02:33:26.432+0000] {subprocess.py:93} INFO - [0m02:33:26  [31mCompleted with 1 error and 0 warnings:[0m
[2023-06-23T02:33:26.433+0000] {subprocess.py:93} INFO - [0m02:33:26
[2023-06-23T02:33:26.434+0000] {subprocess.py:93} INFO - [0m02:33:26  [33mDatabase Error in model distinct_data (models/core/distinct_data.sql)[0m
[2023-06-23T02:33:26.436+0000] {subprocess.py:93} INFO - [0m02:33:26    Type not found: FLOAT at [30:27]
[2023-06-23T02:33:26.438+0000] {subprocess.py:93} INFO - [0m02:33:26    compiled Code at target/run/ticketmaster_transformation/models/core/distinct_data.sql
[2023-06-23T02:33:26.439+0000] {subprocess.py:93} INFO - [0m02:33:26
[2023-06-23T02:33:26.440+0000] {subprocess.py:93} INFO - [0m02:33:26  Done. PASS=3 WARN=0 ERROR=1 SKIP=0 TOTAL=4
[2023-06-23T02:33:26.867+0000] {subprocess.py:97} INFO - Command exited with return code 1
[2023-06-23T02:33:26.879+0000] {taskinstance.py:1776} ERROR - Task failed with exception
Traceback (most recent call last):
  File "/home/airflow/.local/lib/python3.7/site-packages/airflow/operators/bash.py", line 197, in execute
    f"Bash command failed. The command returned a non-zero exit code {result.exit_code}."
airflow.exceptions.AirflowException: Bash command failed. The command returned a non-zero exit code 1.
[2023-06-23T02:33:26.883+0000] {taskinstance.py:1332} INFO - Marking task as FAILED. dag_id=showpulse_dbt_dag, task_id=dbt_run, execution_date=20230623T023215, start_date=20230623T023320, end_date=20230623T023326
[2023-06-23T02:33:26.893+0000] {standard_task_runner.py:105} ERROR - Failed to execute job 2808 for task dbt_run (Bash command failed. The command returned a non-zero exit code 1.; 26354)
[2023-06-23T02:33:26.933+0000] {local_task_job.py:212} INFO - Task exited with return code 1
[2023-06-23T02:33:26.947+0000] {taskinstance.py:2596} INFO - 0 downstream tasks scheduled from follow-on schedule check
