[2023-06-23T02:28:35.592+0000] {taskinstance.py:1090} INFO - Dependencies all met for dep_context=non-requeueable deps ti=<TaskInstance: showpulse_dbt_dag.dbt_run scheduled__2023-06-23T02:27:31.696804+00:00 [queued]>
[2023-06-23T02:28:35.599+0000] {taskinstance.py:1090} INFO - Dependencies all met for dep_context=requeueable deps ti=<TaskInstance: showpulse_dbt_dag.dbt_run scheduled__2023-06-23T02:27:31.696804+00:00 [queued]>
[2023-06-23T02:28:35.600+0000] {taskinstance.py:1288} INFO - 
--------------------------------------------------------------------------------
[2023-06-23T02:28:35.600+0000] {taskinstance.py:1289} INFO - Starting attempt 1 of 1
[2023-06-23T02:28:35.601+0000] {taskinstance.py:1290} INFO - 
--------------------------------------------------------------------------------
[2023-06-23T02:28:35.612+0000] {taskinstance.py:1309} INFO - Executing <Task(BashOperator): dbt_run> on 2023-06-23 02:27:31.696804+00:00
[2023-06-23T02:28:35.616+0000] {standard_task_runner.py:55} INFO - Started process 26062 to run task
[2023-06-23T02:28:35.619+0000] {standard_task_runner.py:82} INFO - Running: ['***', 'tasks', 'run', 'showpulse_dbt_dag', 'dbt_run', 'scheduled__2023-06-23T02:27:31.696804+00:00', '--job-id', '2782', '--raw', '--subdir', 'DAGS_FOLDER/dbt_run.py', '--cfg-path', '/tmp/tmptnozmbaf']
[2023-06-23T02:28:35.620+0000] {standard_task_runner.py:83} INFO - Job 2782: Subtask dbt_run
[2023-06-23T02:28:35.681+0000] {task_command.py:389} INFO - Running <TaskInstance: showpulse_dbt_dag.dbt_run scheduled__2023-06-23T02:27:31.696804+00:00 [running]> on host 62cfed75eae1
[2023-06-23T02:28:35.738+0000] {taskinstance.py:1518} INFO - Exporting the following env vars:
AIRFLOW_CTX_DAG_OWNER=nburkett
AIRFLOW_CTX_DAG_ID=showpulse_dbt_dag
AIRFLOW_CTX_TASK_ID=dbt_run
AIRFLOW_CTX_EXECUTION_DATE=2023-06-23T02:27:31.696804+00:00
AIRFLOW_CTX_TRY_NUMBER=1
AIRFLOW_CTX_DAG_RUN_ID=scheduled__2023-06-23T02:27:31.696804+00:00
[2023-06-23T02:28:35.740+0000] {subprocess.py:63} INFO - Tmp dir root location: 
 /tmp
[2023-06-23T02:28:35.741+0000] {subprocess.py:75} INFO - Running command: ['/bin/bash', '-c', 'cd /dbt/ticketmaster_transformation && dbt run']
[2023-06-23T02:28:35.751+0000] {subprocess.py:86} INFO - Output:
[2023-06-23T02:28:37.317+0000] {subprocess.py:93} INFO - [0m02:28:37  Running with dbt=1.5.1
[2023-06-23T02:28:38.060+0000] {subprocess.py:93} INFO - [0m02:28:38  Found 4 models, 0 tests, 0 snapshots, 0 analyses, 356 macros, 0 operations, 0 seed files, 3 sources, 0 exposures, 0 metrics, 0 groups
[2023-06-23T02:28:38.064+0000] {subprocess.py:93} INFO - [0m02:28:38
[2023-06-23T02:28:41.834+0000] {subprocess.py:93} INFO - [0m02:28:41  Concurrency: 4 threads (target='dev')
[2023-06-23T02:28:41.836+0000] {subprocess.py:93} INFO - [0m02:28:41
[2023-06-23T02:28:41.844+0000] {subprocess.py:93} INFO - [0m02:28:41  1 of 4 START sql table model twitter_kafka_pyspark_test.distinct_data .......... [RUN]
[2023-06-23T02:28:41.846+0000] {subprocess.py:93} INFO - [0m02:28:41  2 of 4 START sql table model twitter_kafka_pyspark_test.dm_events .............. [RUN]
[2023-06-23T02:28:41.847+0000] {subprocess.py:93} INFO - [0m02:28:41  3 of 4 START sql table model twitter_kafka_pyspark_test.my_first_dbt_model ..... [RUN]
[2023-06-23T02:28:44.083+0000] {subprocess.py:93} INFO - [0m02:28:44  BigQuery adapter: https://console.cloud.google.com/bigquery?project=global-maxim-338114&j=bq:US:dec4402a-534a-4e00-bd03-0d964f63a23e&page=queryresults
[2023-06-23T02:28:44.106+0000] {subprocess.py:93} INFO - [0m02:28:44  1 of 4 ERROR creating sql table model twitter_kafka_pyspark_test.distinct_data . [[31mERROR[0m in 2.26s]
[2023-06-23T02:28:44.612+0000] {subprocess.py:93} INFO - [0m02:28:44  3 of 4 OK created sql table model twitter_kafka_pyspark_test.my_first_dbt_model  [[32mCREATE TABLE (2.0 rows, 0 processed)[0m in 2.76s]
[2023-06-23T02:28:44.616+0000] {subprocess.py:93} INFO - [0m02:28:44  2 of 4 OK created sql table model twitter_kafka_pyspark_test.dm_events ......... [[32mCREATE TABLE (217.0 rows, 32.0 KiB processed)[0m in 2.76s]
[2023-06-23T02:28:44.620+0000] {subprocess.py:93} INFO - [0m02:28:44  4 of 4 START sql view model twitter_kafka_pyspark_test.my_second_dbt_model ..... [RUN]
[2023-06-23T02:28:45.814+0000] {subprocess.py:93} INFO - [0m02:28:45  4 of 4 OK created sql view model twitter_kafka_pyspark_test.my_second_dbt_model  [[32mCREATE VIEW (0 processed)[0m in 1.19s]
[2023-06-23T02:28:45.922+0000] {subprocess.py:93} INFO - [0m02:28:45
[2023-06-23T02:28:45.925+0000] {subprocess.py:93} INFO - [0m02:28:45  Finished running 3 table models, 1 view model in 0 hours 0 minutes and 7.86 seconds (7.86s).
[2023-06-23T02:28:45.977+0000] {subprocess.py:93} INFO - [0m02:28:45
[2023-06-23T02:28:45.984+0000] {subprocess.py:93} INFO - [0m02:28:45  [31mCompleted with 1 error and 0 warnings:[0m
[2023-06-23T02:28:45.996+0000] {subprocess.py:93} INFO - [0m02:28:45
[2023-06-23T02:28:46.001+0000] {subprocess.py:93} INFO - [0m02:28:46  [33mDatabase Error in model distinct_data (models/core/distinct_data.sql)[0m
[2023-06-23T02:28:46.015+0000] {subprocess.py:93} INFO - [0m02:28:46    Type not found: FLOAT at [46:21]
[2023-06-23T02:28:46.027+0000] {subprocess.py:93} INFO - [0m02:28:46    compiled Code at target/run/ticketmaster_transformation/models/core/distinct_data.sql
[2023-06-23T02:28:46.035+0000] {subprocess.py:93} INFO - [0m02:28:46
[2023-06-23T02:28:46.041+0000] {subprocess.py:93} INFO - [0m02:28:46  Done. PASS=3 WARN=0 ERROR=1 SKIP=0 TOTAL=4
[2023-06-23T02:28:46.872+0000] {subprocess.py:97} INFO - Command exited with return code 1
[2023-06-23T02:28:46.903+0000] {taskinstance.py:1776} ERROR - Task failed with exception
Traceback (most recent call last):
  File "/home/airflow/.local/lib/python3.7/site-packages/airflow/operators/bash.py", line 197, in execute
    f"Bash command failed. The command returned a non-zero exit code {result.exit_code}."
airflow.exceptions.AirflowException: Bash command failed. The command returned a non-zero exit code 1.
[2023-06-23T02:28:46.913+0000] {taskinstance.py:1332} INFO - Marking task as FAILED. dag_id=showpulse_dbt_dag, task_id=dbt_run, execution_date=20230623T022731, start_date=20230623T022835, end_date=20230623T022846
[2023-06-23T02:28:46.936+0000] {standard_task_runner.py:105} ERROR - Failed to execute job 2782 for task dbt_run (Bash command failed. The command returned a non-zero exit code 1.; 26062)
[2023-06-23T02:28:46.968+0000] {local_task_job.py:212} INFO - Task exited with return code 1
[2023-06-23T02:28:46.993+0000] {taskinstance.py:2596} INFO - 0 downstream tasks scheduled from follow-on schedule check
