[2023-06-23T02:03:35.650+0000] {taskinstance.py:1090} INFO - Dependencies all met for dep_context=non-requeueable deps ti=<TaskInstance: showpulse_dbt_dag.dbt_run scheduled__2023-06-23T02:02:31.696804+00:00 [queued]>
[2023-06-23T02:03:35.659+0000] {taskinstance.py:1090} INFO - Dependencies all met for dep_context=requeueable deps ti=<TaskInstance: showpulse_dbt_dag.dbt_run scheduled__2023-06-23T02:02:31.696804+00:00 [queued]>
[2023-06-23T02:03:35.659+0000] {taskinstance.py:1288} INFO - 
--------------------------------------------------------------------------------
[2023-06-23T02:03:35.660+0000] {taskinstance.py:1289} INFO - Starting attempt 1 of 1
[2023-06-23T02:03:35.661+0000] {taskinstance.py:1290} INFO - 
--------------------------------------------------------------------------------
[2023-06-23T02:03:35.670+0000] {taskinstance.py:1309} INFO - Executing <Task(BashOperator): dbt_run> on 2023-06-23 02:02:31.696804+00:00
[2023-06-23T02:03:35.674+0000] {standard_task_runner.py:55} INFO - Started process 24798 to run task
[2023-06-23T02:03:35.677+0000] {standard_task_runner.py:82} INFO - Running: ['***', 'tasks', 'run', 'showpulse_dbt_dag', 'dbt_run', 'scheduled__2023-06-23T02:02:31.696804+00:00', '--job-id', '2682', '--raw', '--subdir', 'DAGS_FOLDER/dbt_run.py', '--cfg-path', '/tmp/tmprnupva9s']
[2023-06-23T02:03:35.678+0000] {standard_task_runner.py:83} INFO - Job 2682: Subtask dbt_run
[2023-06-23T02:03:35.732+0000] {task_command.py:389} INFO - Running <TaskInstance: showpulse_dbt_dag.dbt_run scheduled__2023-06-23T02:02:31.696804+00:00 [running]> on host 62cfed75eae1
[2023-06-23T02:03:35.783+0000] {taskinstance.py:1518} INFO - Exporting the following env vars:
AIRFLOW_CTX_DAG_OWNER=nburkett
AIRFLOW_CTX_DAG_ID=showpulse_dbt_dag
AIRFLOW_CTX_TASK_ID=dbt_run
AIRFLOW_CTX_EXECUTION_DATE=2023-06-23T02:02:31.696804+00:00
AIRFLOW_CTX_TRY_NUMBER=1
AIRFLOW_CTX_DAG_RUN_ID=scheduled__2023-06-23T02:02:31.696804+00:00
[2023-06-23T02:03:35.784+0000] {subprocess.py:63} INFO - Tmp dir root location: 
 /tmp
[2023-06-23T02:03:35.785+0000] {subprocess.py:75} INFO - Running command: ['/bin/bash', '-c', 'cd /dbt/ticketmaster_transformation && dbt run']
[2023-06-23T02:03:35.793+0000] {subprocess.py:86} INFO - Output:
[2023-06-23T02:03:37.079+0000] {subprocess.py:93} INFO - [0m02:03:37  Running with dbt=1.5.1
[2023-06-23T02:03:37.630+0000] {subprocess.py:93} INFO - [0m02:03:37  Found 4 models, 0 tests, 0 snapshots, 0 analyses, 356 macros, 0 operations, 0 seed files, 3 sources, 0 exposures, 0 metrics, 0 groups
[2023-06-23T02:03:37.633+0000] {subprocess.py:93} INFO - [0m02:03:37
[2023-06-23T02:03:38.302+0000] {subprocess.py:93} INFO - [0m02:03:38  Concurrency: 4 threads (target='dev')
[2023-06-23T02:03:38.305+0000] {subprocess.py:93} INFO - [0m02:03:38
[2023-06-23T02:03:38.321+0000] {subprocess.py:93} INFO - [0m02:03:38  1 of 4 START sql table model twitter_kafka_pyspark_test.distinct_data .......... [RUN]
[2023-06-23T02:03:38.323+0000] {subprocess.py:93} INFO - [0m02:03:38  2 of 4 START sql table model twitter_kafka_pyspark_test.dm_events .............. [RUN]
[2023-06-23T02:03:38.325+0000] {subprocess.py:93} INFO - [0m02:03:38  3 of 4 START sql table model twitter_kafka_pyspark_test.my_first_dbt_model ..... [RUN]
[2023-06-23T02:03:41.283+0000] {subprocess.py:93} INFO - [0m02:03:41  3 of 4 OK created sql table model twitter_kafka_pyspark_test.my_first_dbt_model  [[32mCREATE TABLE (2.0 rows, 0 processed)[0m in 2.95s]
[2023-06-23T02:03:41.285+0000] {subprocess.py:93} INFO - [0m02:03:41  1 of 4 OK created sql table model twitter_kafka_pyspark_test.distinct_data ..... [[32mCREATE TABLE (1.0 rows, 0 processed)[0m in 2.95s]
[2023-06-23T02:03:41.293+0000] {subprocess.py:93} INFO - [0m02:03:41  4 of 4 START sql view model twitter_kafka_pyspark_test.my_second_dbt_model ..... [RUN]
[2023-06-23T02:03:41.385+0000] {subprocess.py:93} INFO - [0m02:03:41  BigQuery adapter: https://console.cloud.google.com/bigquery?project=global-maxim-338114&j=bq:US:caee1a29-9590-44a0-93f0-056eb16e06e5&page=queryresults
[2023-06-23T02:03:41.393+0000] {subprocess.py:93} INFO - [0m02:03:41  2 of 4 ERROR creating sql table model twitter_kafka_pyspark_test.dm_events ..... [[31mERROR[0m in 3.06s]
[2023-06-23T02:03:42.158+0000] {subprocess.py:93} INFO - [0m02:03:42  4 of 4 OK created sql view model twitter_kafka_pyspark_test.my_second_dbt_model  [[32mCREATE VIEW (0 processed)[0m in 0.86s]
[2023-06-23T02:03:42.218+0000] {subprocess.py:93} INFO - [0m02:03:42
[2023-06-23T02:03:42.220+0000] {subprocess.py:93} INFO - [0m02:03:42  Finished running 3 table models, 1 view model in 0 hours 0 minutes and 4.58 seconds (4.58s).
[2023-06-23T02:03:42.239+0000] {subprocess.py:93} INFO - [0m02:03:42
[2023-06-23T02:03:42.240+0000] {subprocess.py:93} INFO - [0m02:03:42  [31mCompleted with 1 error and 0 warnings:[0m
[2023-06-23T02:03:42.242+0000] {subprocess.py:93} INFO - [0m02:03:42
[2023-06-23T02:03:42.243+0000] {subprocess.py:93} INFO - [0m02:03:42  [33mDatabase Error in model dm_events (models/core/dm_events.sql)[0m
[2023-06-23T02:03:42.244+0000] {subprocess.py:93} INFO - [0m02:03:42    Unrecognized name: event_id at [14:8]
[2023-06-23T02:03:42.245+0000] {subprocess.py:93} INFO - [0m02:03:42    compiled Code at target/run/ticketmaster_transformation/models/core/dm_events.sql
[2023-06-23T02:03:42.246+0000] {subprocess.py:93} INFO - [0m02:03:42
[2023-06-23T02:03:42.248+0000] {subprocess.py:93} INFO - [0m02:03:42  Done. PASS=3 WARN=0 ERROR=1 SKIP=0 TOTAL=4
[2023-06-23T02:03:42.708+0000] {subprocess.py:97} INFO - Command exited with return code 1
[2023-06-23T02:03:42.722+0000] {taskinstance.py:1776} ERROR - Task failed with exception
Traceback (most recent call last):
  File "/home/airflow/.local/lib/python3.7/site-packages/airflow/operators/bash.py", line 197, in execute
    f"Bash command failed. The command returned a non-zero exit code {result.exit_code}."
airflow.exceptions.AirflowException: Bash command failed. The command returned a non-zero exit code 1.
[2023-06-23T02:03:42.726+0000] {taskinstance.py:1332} INFO - Marking task as FAILED. dag_id=showpulse_dbt_dag, task_id=dbt_run, execution_date=20230623T020231, start_date=20230623T020335, end_date=20230623T020342
[2023-06-23T02:03:42.737+0000] {standard_task_runner.py:105} ERROR - Failed to execute job 2682 for task dbt_run (Bash command failed. The command returned a non-zero exit code 1.; 24798)
[2023-06-23T02:03:42.759+0000] {local_task_job.py:212} INFO - Task exited with return code 1
[2023-06-23T02:03:42.774+0000] {taskinstance.py:2596} INFO - 0 downstream tasks scheduled from follow-on schedule check
