[2023-06-23T02:34:23.005+0000] {taskinstance.py:1090} INFO - Dependencies all met for dep_context=non-requeueable deps ti=<TaskInstance: showpulse_dbt_dag.dbt_run scheduled__2023-06-23T02:33:15.976678+00:00 [queued]>
[2023-06-23T02:34:23.012+0000] {taskinstance.py:1090} INFO - Dependencies all met for dep_context=requeueable deps ti=<TaskInstance: showpulse_dbt_dag.dbt_run scheduled__2023-06-23T02:33:15.976678+00:00 [queued]>
[2023-06-23T02:34:23.012+0000] {taskinstance.py:1288} INFO - 
--------------------------------------------------------------------------------
[2023-06-23T02:34:23.013+0000] {taskinstance.py:1289} INFO - Starting attempt 1 of 1
[2023-06-23T02:34:23.013+0000] {taskinstance.py:1290} INFO - 
--------------------------------------------------------------------------------
[2023-06-23T02:34:23.022+0000] {taskinstance.py:1309} INFO - Executing <Task(BashOperator): dbt_run> on 2023-06-23 02:33:15.976678+00:00
[2023-06-23T02:34:23.026+0000] {standard_task_runner.py:55} INFO - Started process 26430 to run task
[2023-06-23T02:34:23.029+0000] {standard_task_runner.py:82} INFO - Running: ['***', 'tasks', 'run', 'showpulse_dbt_dag', 'dbt_run', 'scheduled__2023-06-23T02:33:15.976678+00:00', '--job-id', '2814', '--raw', '--subdir', 'DAGS_FOLDER/dbt_run.py', '--cfg-path', '/tmp/tmpwswvh0fx']
[2023-06-23T02:34:23.030+0000] {standard_task_runner.py:83} INFO - Job 2814: Subtask dbt_run
[2023-06-23T02:34:23.084+0000] {task_command.py:389} INFO - Running <TaskInstance: showpulse_dbt_dag.dbt_run scheduled__2023-06-23T02:33:15.976678+00:00 [running]> on host 62cfed75eae1
[2023-06-23T02:34:23.136+0000] {taskinstance.py:1518} INFO - Exporting the following env vars:
AIRFLOW_CTX_DAG_OWNER=nburkett
AIRFLOW_CTX_DAG_ID=showpulse_dbt_dag
AIRFLOW_CTX_TASK_ID=dbt_run
AIRFLOW_CTX_EXECUTION_DATE=2023-06-23T02:33:15.976678+00:00
AIRFLOW_CTX_TRY_NUMBER=1
AIRFLOW_CTX_DAG_RUN_ID=scheduled__2023-06-23T02:33:15.976678+00:00
[2023-06-23T02:34:23.138+0000] {subprocess.py:63} INFO - Tmp dir root location: 
 /tmp
[2023-06-23T02:34:23.139+0000] {subprocess.py:75} INFO - Running command: ['/bin/bash', '-c', 'cd /dbt/ticketmaster_transformation && dbt run']
[2023-06-23T02:34:23.147+0000] {subprocess.py:86} INFO - Output:
[2023-06-23T02:34:24.532+0000] {subprocess.py:93} INFO - [0m02:34:24  Running with dbt=1.5.1
[2023-06-23T02:34:25.029+0000] {subprocess.py:93} INFO - [0m02:34:25  Found 4 models, 0 tests, 0 snapshots, 0 analyses, 356 macros, 0 operations, 0 seed files, 3 sources, 0 exposures, 0 metrics, 0 groups
[2023-06-23T02:34:25.031+0000] {subprocess.py:93} INFO - [0m02:34:25
[2023-06-23T02:34:25.766+0000] {subprocess.py:93} INFO - [0m02:34:25  Concurrency: 4 threads (target='dev')
[2023-06-23T02:34:25.768+0000] {subprocess.py:93} INFO - [0m02:34:25
[2023-06-23T02:34:25.776+0000] {subprocess.py:93} INFO - [0m02:34:25  1 of 4 START sql table model twitter_kafka_pyspark_test.distinct_data .......... [RUN]
[2023-06-23T02:34:25.778+0000] {subprocess.py:93} INFO - [0m02:34:25  2 of 4 START sql table model twitter_kafka_pyspark_test.dm_events .............. [RUN]
[2023-06-23T02:34:25.779+0000] {subprocess.py:93} INFO - [0m02:34:25  3 of 4 START sql table model twitter_kafka_pyspark_test.my_first_dbt_model ..... [RUN]
[2023-06-23T02:34:28.294+0000] {subprocess.py:93} INFO - [0m02:34:28  3 of 4 OK created sql table model twitter_kafka_pyspark_test.my_first_dbt_model  [[32mCREATE TABLE (2.0 rows, 0 processed)[0m in 2.51s]
[2023-06-23T02:34:28.296+0000] {subprocess.py:93} INFO - [0m02:34:28  2 of 4 OK created sql table model twitter_kafka_pyspark_test.dm_events ......... [[32mCREATE TABLE (217.0 rows, 32.0 KiB processed)[0m in 2.51s]
[2023-06-23T02:34:28.303+0000] {subprocess.py:93} INFO - [0m02:34:28  4 of 4 START sql view model twitter_kafka_pyspark_test.my_second_dbt_model ..... [RUN]
[2023-06-23T02:34:29.417+0000] {subprocess.py:93} INFO - [0m02:34:29  BigQuery adapter: https://console.cloud.google.com/bigquery?project=global-maxim-338114&j=bq:US:de06209c-8da8-444a-a633-befe11b15a20&page=queryresults
[2023-06-23T02:34:29.450+0000] {subprocess.py:93} INFO - [0m02:34:29  4 of 4 OK created sql view model twitter_kafka_pyspark_test.my_second_dbt_model  [[32mCREATE VIEW (0 processed)[0m in 1.14s]
[2023-06-23T02:34:29.461+0000] {subprocess.py:93} INFO - [0m02:34:29  1 of 4 ERROR creating sql table model twitter_kafka_pyspark_test.distinct_data . [[31mERROR[0m in 3.68s]
[2023-06-23T02:34:29.534+0000] {subprocess.py:93} INFO - [0m02:34:29
[2023-06-23T02:34:29.535+0000] {subprocess.py:93} INFO - [0m02:34:29  Finished running 3 table models, 1 view model in 0 hours 0 minutes and 4.50 seconds (4.50s).
[2023-06-23T02:34:29.550+0000] {subprocess.py:93} INFO - [0m02:34:29
[2023-06-23T02:34:29.551+0000] {subprocess.py:93} INFO - [0m02:34:29  [31mCompleted with 1 error and 0 warnings:[0m
[2023-06-23T02:34:29.552+0000] {subprocess.py:93} INFO - [0m02:34:29
[2023-06-23T02:34:29.554+0000] {subprocess.py:93} INFO - [0m02:34:29  [33mDatabase Error in model distinct_data (models/core/distinct_data.sql)[0m
[2023-06-23T02:34:29.555+0000] {subprocess.py:93} INFO - [0m02:34:29    Bad double value: \"NaN\"
[2023-06-23T02:34:29.556+0000] {subprocess.py:93} INFO - [0m02:34:29    compiled Code at target/run/ticketmaster_transformation/models/core/distinct_data.sql
[2023-06-23T02:34:29.557+0000] {subprocess.py:93} INFO - [0m02:34:29
[2023-06-23T02:34:29.558+0000] {subprocess.py:93} INFO - [0m02:34:29  Done. PASS=3 WARN=0 ERROR=1 SKIP=0 TOTAL=4
[2023-06-23T02:34:29.963+0000] {subprocess.py:97} INFO - Command exited with return code 1
[2023-06-23T02:34:29.976+0000] {taskinstance.py:1776} ERROR - Task failed with exception
Traceback (most recent call last):
  File "/home/airflow/.local/lib/python3.7/site-packages/airflow/operators/bash.py", line 197, in execute
    f"Bash command failed. The command returned a non-zero exit code {result.exit_code}."
airflow.exceptions.AirflowException: Bash command failed. The command returned a non-zero exit code 1.
[2023-06-23T02:34:29.980+0000] {taskinstance.py:1332} INFO - Marking task as FAILED. dag_id=showpulse_dbt_dag, task_id=dbt_run, execution_date=20230623T023315, start_date=20230623T023423, end_date=20230623T023429
[2023-06-23T02:34:29.991+0000] {standard_task_runner.py:105} ERROR - Failed to execute job 2814 for task dbt_run (Bash command failed. The command returned a non-zero exit code 1.; 26430)
[2023-06-23T02:34:30.010+0000] {local_task_job.py:212} INFO - Task exited with return code 1
[2023-06-23T02:34:30.025+0000] {taskinstance.py:2596} INFO - 0 downstream tasks scheduled from follow-on schedule check
