[2023-06-23T02:34:10.930+0000] {taskinstance.py:1090} INFO - Dependencies all met for dep_context=non-requeueable deps ti=<TaskInstance: showpulse_dbt_dag.dbt_run scheduled__2023-06-23T02:31:52.899435+00:00 [queued]>
[2023-06-23T02:34:10.937+0000] {taskinstance.py:1090} INFO - Dependencies all met for dep_context=requeueable deps ti=<TaskInstance: showpulse_dbt_dag.dbt_run scheduled__2023-06-23T02:31:52.899435+00:00 [queued]>
[2023-06-23T02:34:10.938+0000] {taskinstance.py:1288} INFO - 
--------------------------------------------------------------------------------
[2023-06-23T02:34:10.938+0000] {taskinstance.py:1289} INFO - Starting attempt 2 of 2
[2023-06-23T02:34:10.939+0000] {taskinstance.py:1290} INFO - 
--------------------------------------------------------------------------------
[2023-06-23T02:34:10.947+0000] {taskinstance.py:1309} INFO - Executing <Task(BashOperator): dbt_run> on 2023-06-23 02:31:52.899435+00:00
[2023-06-23T02:34:10.951+0000] {standard_task_runner.py:55} INFO - Started process 26399 to run task
[2023-06-23T02:34:10.955+0000] {standard_task_runner.py:82} INFO - Running: ['***', 'tasks', 'run', 'showpulse_dbt_dag', 'dbt_run', 'scheduled__2023-06-23T02:31:52.899435+00:00', '--job-id', '2810', '--raw', '--subdir', 'DAGS_FOLDER/dbt_run.py', '--cfg-path', '/tmp/tmp97o9esw9']
[2023-06-23T02:34:10.956+0000] {standard_task_runner.py:83} INFO - Job 2810: Subtask dbt_run
[2023-06-23T02:34:11.011+0000] {task_command.py:389} INFO - Running <TaskInstance: showpulse_dbt_dag.dbt_run scheduled__2023-06-23T02:31:52.899435+00:00 [running]> on host 62cfed75eae1
[2023-06-23T02:34:11.061+0000] {taskinstance.py:1518} INFO - Exporting the following env vars:
AIRFLOW_CTX_DAG_OWNER=nburkett
AIRFLOW_CTX_DAG_ID=showpulse_dbt_dag
AIRFLOW_CTX_TASK_ID=dbt_run
AIRFLOW_CTX_EXECUTION_DATE=2023-06-23T02:31:52.899435+00:00
AIRFLOW_CTX_TRY_NUMBER=2
AIRFLOW_CTX_DAG_RUN_ID=scheduled__2023-06-23T02:31:52.899435+00:00
[2023-06-23T02:34:11.062+0000] {subprocess.py:63} INFO - Tmp dir root location: 
 /tmp
[2023-06-23T02:34:11.063+0000] {subprocess.py:75} INFO - Running command: ['/bin/bash', '-c', 'cd /dbt/ticketmaster_transformation && dbt run']
[2023-06-23T02:34:11.071+0000] {subprocess.py:86} INFO - Output:
[2023-06-23T02:34:12.440+0000] {subprocess.py:93} INFO - [0m02:34:12  Running with dbt=1.5.1
[2023-06-23T02:34:13.105+0000] {subprocess.py:93} INFO - [0m02:34:13  Found 4 models, 0 tests, 0 snapshots, 0 analyses, 356 macros, 0 operations, 0 seed files, 3 sources, 0 exposures, 0 metrics, 0 groups
[2023-06-23T02:34:13.108+0000] {subprocess.py:93} INFO - [0m02:34:13
[2023-06-23T02:34:13.907+0000] {subprocess.py:93} INFO - [0m02:34:13  Concurrency: 4 threads (target='dev')
[2023-06-23T02:34:13.911+0000] {subprocess.py:93} INFO - [0m02:34:13
[2023-06-23T02:34:13.931+0000] {subprocess.py:93} INFO - [0m02:34:13  1 of 4 START sql table model twitter_kafka_pyspark_test.distinct_data .......... [RUN]
[2023-06-23T02:34:13.934+0000] {subprocess.py:93} INFO - [0m02:34:13  2 of 4 START sql table model twitter_kafka_pyspark_test.dm_events .............. [RUN]
[2023-06-23T02:34:13.936+0000] {subprocess.py:93} INFO - [0m02:34:13  3 of 4 START sql table model twitter_kafka_pyspark_test.my_first_dbt_model ..... [RUN]
[2023-06-23T02:34:16.601+0000] {subprocess.py:93} INFO - [0m02:34:16  3 of 4 OK created sql table model twitter_kafka_pyspark_test.my_first_dbt_model  [[32mCREATE TABLE (2.0 rows, 0 processed)[0m in 2.65s]
[2023-06-23T02:34:16.603+0000] {subprocess.py:93} INFO - [0m02:34:16  2 of 4 OK created sql table model twitter_kafka_pyspark_test.dm_events ......... [[32mCREATE TABLE (217.0 rows, 32.0 KiB processed)[0m in 2.66s]
[2023-06-23T02:34:16.610+0000] {subprocess.py:93} INFO - [0m02:34:16  4 of 4 START sql view model twitter_kafka_pyspark_test.my_second_dbt_model ..... [RUN]
[2023-06-23T02:34:17.515+0000] {subprocess.py:93} INFO - [0m02:34:17  4 of 4 OK created sql view model twitter_kafka_pyspark_test.my_second_dbt_model  [[32mCREATE VIEW (0 processed)[0m in 0.90s]
[2023-06-23T02:34:17.949+0000] {subprocess.py:93} INFO - [0m02:34:17  BigQuery adapter: https://console.cloud.google.com/bigquery?project=global-maxim-338114&j=bq:US:673ca5eb-64a7-407f-9e89-4a5f712280b8&page=queryresults
[2023-06-23T02:34:17.970+0000] {subprocess.py:93} INFO - [0m02:34:17  1 of 4 ERROR creating sql table model twitter_kafka_pyspark_test.distinct_data . [[31mERROR[0m in 4.03s]
[2023-06-23T02:34:18.075+0000] {subprocess.py:93} INFO - [0m02:34:18
[2023-06-23T02:34:18.077+0000] {subprocess.py:93} INFO - [0m02:34:18  Finished running 3 table models, 1 view model in 0 hours 0 minutes and 4.97 seconds (4.97s).
[2023-06-23T02:34:18.093+0000] {subprocess.py:93} INFO - [0m02:34:18
[2023-06-23T02:34:18.095+0000] {subprocess.py:93} INFO - [0m02:34:18  [31mCompleted with 1 error and 0 warnings:[0m
[2023-06-23T02:34:18.096+0000] {subprocess.py:93} INFO - [0m02:34:18
[2023-06-23T02:34:18.097+0000] {subprocess.py:93} INFO - [0m02:34:18  [33mDatabase Error in model distinct_data (models/core/distinct_data.sql)[0m
[2023-06-23T02:34:18.099+0000] {subprocess.py:93} INFO - [0m02:34:18    Bad double value: \"NaN\"
[2023-06-23T02:34:18.100+0000] {subprocess.py:93} INFO - [0m02:34:18    compiled Code at target/run/ticketmaster_transformation/models/core/distinct_data.sql
[2023-06-23T02:34:18.101+0000] {subprocess.py:93} INFO - [0m02:34:18
[2023-06-23T02:34:18.102+0000] {subprocess.py:93} INFO - [0m02:34:18  Done. PASS=3 WARN=0 ERROR=1 SKIP=0 TOTAL=4
[2023-06-23T02:34:18.575+0000] {subprocess.py:97} INFO - Command exited with return code 1
[2023-06-23T02:34:18.589+0000] {taskinstance.py:1776} ERROR - Task failed with exception
Traceback (most recent call last):
  File "/home/airflow/.local/lib/python3.7/site-packages/airflow/operators/bash.py", line 197, in execute
    f"Bash command failed. The command returned a non-zero exit code {result.exit_code}."
airflow.exceptions.AirflowException: Bash command failed. The command returned a non-zero exit code 1.
[2023-06-23T02:34:18.592+0000] {taskinstance.py:1332} INFO - Marking task as FAILED. dag_id=showpulse_dbt_dag, task_id=dbt_run, execution_date=20230623T023152, start_date=20230623T023410, end_date=20230623T023418
[2023-06-23T02:34:18.602+0000] {standard_task_runner.py:105} ERROR - Failed to execute job 2810 for task dbt_run (Bash command failed. The command returned a non-zero exit code 1.; 26399)
[2023-06-23T02:34:18.653+0000] {local_task_job.py:212} INFO - Task exited with return code 1
[2023-06-23T02:34:18.668+0000] {taskinstance.py:2596} INFO - 0 downstream tasks scheduled from follow-on schedule check
