[2023-06-21T06:40:42.427+0000] {taskinstance.py:1090} INFO - Dependencies all met for dep_context=non-requeueable deps ti=<TaskInstance: showpulse_dbt_dag.dbt_run scheduled__2023-06-21T06:39:38.192465+00:00 [queued]>
[2023-06-21T06:40:42.433+0000] {taskinstance.py:1090} INFO - Dependencies all met for dep_context=requeueable deps ti=<TaskInstance: showpulse_dbt_dag.dbt_run scheduled__2023-06-21T06:39:38.192465+00:00 [queued]>
[2023-06-21T06:40:42.434+0000] {taskinstance.py:1288} INFO - 
--------------------------------------------------------------------------------
[2023-06-21T06:40:42.434+0000] {taskinstance.py:1289} INFO - Starting attempt 1 of 1
[2023-06-21T06:40:42.435+0000] {taskinstance.py:1290} INFO - 
--------------------------------------------------------------------------------
[2023-06-21T06:40:42.443+0000] {taskinstance.py:1309} INFO - Executing <Task(BashOperator): dbt_run> on 2023-06-21 06:39:38.192465+00:00
[2023-06-21T06:40:42.446+0000] {standard_task_runner.py:55} INFO - Started process 3074 to run task
[2023-06-21T06:40:42.449+0000] {standard_task_runner.py:82} INFO - Running: ['***', 'tasks', 'run', 'showpulse_dbt_dag', 'dbt_run', 'scheduled__2023-06-21T06:39:38.192465+00:00', '--job-id', '662', '--raw', '--subdir', 'DAGS_FOLDER/dbt_run.py', '--cfg-path', '/tmp/tmpi9qxhyrd']
[2023-06-21T06:40:42.450+0000] {standard_task_runner.py:83} INFO - Job 662: Subtask dbt_run
[2023-06-21T06:40:42.502+0000] {task_command.py:389} INFO - Running <TaskInstance: showpulse_dbt_dag.dbt_run scheduled__2023-06-21T06:39:38.192465+00:00 [running]> on host 62cfed75eae1
[2023-06-21T06:40:42.558+0000] {taskinstance.py:1518} INFO - Exporting the following env vars:
AIRFLOW_CTX_DAG_OWNER=nburkett
AIRFLOW_CTX_DAG_ID=showpulse_dbt_dag
AIRFLOW_CTX_TASK_ID=dbt_run
AIRFLOW_CTX_EXECUTION_DATE=2023-06-21T06:39:38.192465+00:00
AIRFLOW_CTX_TRY_NUMBER=1
AIRFLOW_CTX_DAG_RUN_ID=scheduled__2023-06-21T06:39:38.192465+00:00
[2023-06-21T06:40:42.559+0000] {subprocess.py:63} INFO - Tmp dir root location: 
 /tmp
[2023-06-21T06:40:42.560+0000] {subprocess.py:75} INFO - Running command: ['/bin/bash', '-c', 'cd /dbt/ticketmaster_transformation && dbt run']
[2023-06-21T06:40:42.570+0000] {subprocess.py:86} INFO - Output:
[2023-06-21T06:40:43.820+0000] {subprocess.py:93} INFO - [0m06:40:43  Running with dbt=1.5.1
[2023-06-21T06:40:44.751+0000] {subprocess.py:93} INFO - [0m06:40:44  Found 4 models, 0 tests, 0 snapshots, 0 analyses, 356 macros, 0 operations, 0 seed files, 3 sources, 0 exposures, 0 metrics, 0 groups
[2023-06-21T06:40:44.756+0000] {subprocess.py:93} INFO - [0m06:40:44
[2023-06-21T06:40:47.492+0000] {subprocess.py:93} INFO - [0m06:40:47  Concurrency: 4 threads (target='dev')
[2023-06-21T06:40:47.494+0000] {subprocess.py:93} INFO - [0m06:40:47
[2023-06-21T06:40:47.504+0000] {subprocess.py:93} INFO - [0m06:40:47  1 of 4 START sql table model twitter_kafka_pyspark_test.distinct_data .......... [RUN]
[2023-06-21T06:40:47.507+0000] {subprocess.py:93} INFO - [0m06:40:47  3 of 4 START sql table model twitter_kafka_pyspark_test.my_first_dbt_model ..... [RUN]
[2023-06-21T06:40:47.509+0000] {subprocess.py:93} INFO - [0m06:40:47  2 of 4 START sql table model twitter_kafka_pyspark_test.dm_events .............. [RUN]
[2023-06-21T07:53:32.199+0000] {subprocess.py:93} INFO - [0m07:53:32  3 of 4 OK created sql table model twitter_kafka_pyspark_test.my_first_dbt_model  [[32mCREATE TABLE (2.0 rows, 0 processed)[0m in 4364.69s]
[2023-06-21T07:53:32.205+0000] {subprocess.py:93} INFO - [0m07:53:32  4 of 4 START sql view model twitter_kafka_pyspark_test.my_second_dbt_model ..... [RUN]
[2023-06-21T07:53:32.363+0000] {subprocess.py:93} INFO - [0m07:53:32  1 of 4 OK created sql table model twitter_kafka_pyspark_test.distinct_data ..... [[32mCREATE TABLE (1.1k rows, 638.3 KiB processed)[0m in 4364.86s]
[2023-06-21T07:53:33.023+0000] {subprocess.py:93} INFO - [0m07:53:33  [31mUnhandled error while executing target/run/ticketmaster_transformation/models/core/dm_events.sql[0m
[2023-06-21T07:53:33.024+0000] {subprocess.py:93} INFO - Deadline of 600.0s exceeded while calling target function, last exception: ('Connection aborted.', RemoteDisconnected('Remote end closed connection without response'))
[2023-06-21T07:53:33.033+0000] {subprocess.py:93} INFO - [0m07:53:33  2 of 4 ERROR creating sql table model twitter_kafka_pyspark_test.dm_events ..... [[31mERROR[0m in 4365.52s]
[2023-06-21T07:53:33.428+0000] {subprocess.py:93} INFO - [0m07:53:33  4 of 4 OK created sql view model twitter_kafka_pyspark_test.my_second_dbt_model  [[32mCREATE VIEW (0 processed)[0m in 1.22s]
[2023-06-21T07:53:33.539+0000] {subprocess.py:93} INFO - [0m07:53:33
[2023-06-21T07:53:33.542+0000] {subprocess.py:93} INFO - [0m07:53:33  Finished running 3 table models, 1 view model in 1 hours 12 minutes and 48.78 seconds (4368.78s).
[2023-06-21T07:53:33.578+0000] {subprocess.py:93} INFO - [0m07:53:33
[2023-06-21T07:53:33.579+0000] {subprocess.py:93} INFO - [0m07:53:33  [31mCompleted with 1 error and 0 warnings:[0m
[2023-06-21T07:53:33.581+0000] {subprocess.py:93} INFO - [0m07:53:33
[2023-06-21T07:53:33.582+0000] {subprocess.py:93} INFO - [0m07:53:33  [33mDeadline of 600.0s exceeded while calling target function, last exception: ('Connection aborted.', RemoteDisconnected('Remote end closed connection without response'))[0m
[2023-06-21T07:53:33.583+0000] {subprocess.py:93} INFO - [0m07:53:33
[2023-06-21T07:53:33.586+0000] {subprocess.py:93} INFO - [0m07:53:33  Done. PASS=3 WARN=0 ERROR=1 SKIP=0 TOTAL=4
[2023-06-21T07:53:34.129+0000] {subprocess.py:97} INFO - Command exited with return code 1
[2023-06-21T07:53:34.147+0000] {taskinstance.py:1776} ERROR - Task failed with exception
Traceback (most recent call last):
  File "/home/airflow/.local/lib/python3.7/site-packages/airflow/operators/bash.py", line 197, in execute
    f"Bash command failed. The command returned a non-zero exit code {result.exit_code}."
airflow.exceptions.AirflowException: Bash command failed. The command returned a non-zero exit code 1.
[2023-06-21T07:53:34.151+0000] {taskinstance.py:1332} INFO - Marking task as FAILED. dag_id=showpulse_dbt_dag, task_id=dbt_run, execution_date=20230621T063938, start_date=20230621T064042, end_date=20230621T075334
[2023-06-21T07:53:34.165+0000] {standard_task_runner.py:105} ERROR - Failed to execute job 662 for task dbt_run (Bash command failed. The command returned a non-zero exit code 1.; 3074)
[2023-06-21T07:53:34.198+0000] {local_task_job.py:212} INFO - Task exited with return code 1
[2023-06-21T07:53:34.217+0000] {taskinstance.py:2596} INFO - 0 downstream tasks scheduled from follow-on schedule check
