[2023-06-23T02:29:21.370+0000] {taskinstance.py:1090} INFO - Dependencies all met for dep_context=non-requeueable deps ti=<TaskInstance: showpulse_dbt_dag.dbt_run manual__2023-06-23T02:29:17.697407+00:00 [queued]>
[2023-06-23T02:29:21.380+0000] {taskinstance.py:1090} INFO - Dependencies all met for dep_context=requeueable deps ti=<TaskInstance: showpulse_dbt_dag.dbt_run manual__2023-06-23T02:29:17.697407+00:00 [queued]>
[2023-06-23T02:29:21.382+0000] {taskinstance.py:1288} INFO - 
--------------------------------------------------------------------------------
[2023-06-23T02:29:21.385+0000] {taskinstance.py:1289} INFO - Starting attempt 1 of 1
[2023-06-23T02:29:21.389+0000] {taskinstance.py:1290} INFO - 
--------------------------------------------------------------------------------
[2023-06-23T02:29:21.417+0000] {taskinstance.py:1309} INFO - Executing <Task(BashOperator): dbt_run> on 2023-06-23 02:29:17.697407+00:00
[2023-06-23T02:29:21.423+0000] {standard_task_runner.py:55} INFO - Started process 26113 to run task
[2023-06-23T02:29:21.432+0000] {standard_task_runner.py:82} INFO - Running: ['***', 'tasks', 'run', 'showpulse_dbt_dag', 'dbt_run', 'manual__2023-06-23T02:29:17.697407+00:00', '--job-id', '2786', '--raw', '--subdir', 'DAGS_FOLDER/dbt_run.py', '--cfg-path', '/tmp/tmp8knt26gd']
[2023-06-23T02:29:21.434+0000] {standard_task_runner.py:83} INFO - Job 2786: Subtask dbt_run
[2023-06-23T02:29:21.499+0000] {task_command.py:389} INFO - Running <TaskInstance: showpulse_dbt_dag.dbt_run manual__2023-06-23T02:29:17.697407+00:00 [running]> on host 62cfed75eae1
[2023-06-23T02:29:21.553+0000] {taskinstance.py:1518} INFO - Exporting the following env vars:
AIRFLOW_CTX_DAG_OWNER=nburkett
AIRFLOW_CTX_DAG_ID=showpulse_dbt_dag
AIRFLOW_CTX_TASK_ID=dbt_run
AIRFLOW_CTX_EXECUTION_DATE=2023-06-23T02:29:17.697407+00:00
AIRFLOW_CTX_TRY_NUMBER=1
AIRFLOW_CTX_DAG_RUN_ID=manual__2023-06-23T02:29:17.697407+00:00
[2023-06-23T02:29:21.554+0000] {subprocess.py:63} INFO - Tmp dir root location: 
 /tmp
[2023-06-23T02:29:21.555+0000] {subprocess.py:75} INFO - Running command: ['/bin/bash', '-c', 'cd /dbt/ticketmaster_transformation && dbt run']
[2023-06-23T02:29:21.565+0000] {subprocess.py:86} INFO - Output:
[2023-06-23T02:29:22.971+0000] {subprocess.py:93} INFO - [0m02:29:22  Running with dbt=1.5.1
[2023-06-23T02:29:23.603+0000] {subprocess.py:93} INFO - [0m02:29:23  Found 4 models, 0 tests, 0 snapshots, 0 analyses, 356 macros, 0 operations, 0 seed files, 3 sources, 0 exposures, 0 metrics, 0 groups
[2023-06-23T02:29:23.606+0000] {subprocess.py:93} INFO - [0m02:29:23
[2023-06-23T02:29:24.237+0000] {subprocess.py:93} INFO - [0m02:29:24  Concurrency: 4 threads (target='dev')
[2023-06-23T02:29:24.240+0000] {subprocess.py:93} INFO - [0m02:29:24
[2023-06-23T02:29:24.255+0000] {subprocess.py:93} INFO - [0m02:29:24  1 of 4 START sql table model twitter_kafka_pyspark_test.distinct_data .......... [RUN]
[2023-06-23T02:29:24.258+0000] {subprocess.py:93} INFO - [0m02:29:24  2 of 4 START sql table model twitter_kafka_pyspark_test.dm_events .............. [RUN]
[2023-06-23T02:29:24.260+0000] {subprocess.py:93} INFO - [0m02:29:24  3 of 4 START sql table model twitter_kafka_pyspark_test.my_first_dbt_model ..... [RUN]
[2023-06-23T02:29:25.777+0000] {subprocess.py:93} INFO - [0m02:29:25  BigQuery adapter: https://console.cloud.google.com/bigquery?project=global-maxim-338114&j=bq:US:805ff3ad-6962-497b-b5de-32dfed568c37&page=queryresults
[2023-06-23T02:29:25.807+0000] {subprocess.py:93} INFO - [0m02:29:25  1 of 4 ERROR creating sql table model twitter_kafka_pyspark_test.distinct_data . [[31mERROR[0m in 1.54s]
[2023-06-23T02:29:26.903+0000] {subprocess.py:93} INFO - [0m02:29:26  3 of 4 OK created sql table model twitter_kafka_pyspark_test.my_first_dbt_model  [[32mCREATE TABLE (2.0 rows, 0 processed)[0m in 2.63s]
[2023-06-23T02:29:26.909+0000] {subprocess.py:93} INFO - [0m02:29:26  4 of 4 START sql view model twitter_kafka_pyspark_test.my_second_dbt_model ..... [RUN]
[2023-06-23T02:29:26.919+0000] {subprocess.py:93} INFO - [0m02:29:26  2 of 4 OK created sql table model twitter_kafka_pyspark_test.dm_events ......... [[32mCREATE TABLE (217.0 rows, 32.0 KiB processed)[0m in 2.65s]
[2023-06-23T02:29:27.750+0000] {subprocess.py:93} INFO - [0m02:29:27  4 of 4 OK created sql view model twitter_kafka_pyspark_test.my_second_dbt_model  [[32mCREATE VIEW (0 processed)[0m in 0.83s]
[2023-06-23T02:29:27.813+0000] {subprocess.py:93} INFO - [0m02:29:27
[2023-06-23T02:29:27.815+0000] {subprocess.py:93} INFO - [0m02:29:27  Finished running 3 table models, 1 view model in 0 hours 0 minutes and 4.21 seconds (4.21s).
[2023-06-23T02:29:27.834+0000] {subprocess.py:93} INFO - [0m02:29:27
[2023-06-23T02:29:27.835+0000] {subprocess.py:93} INFO - [0m02:29:27  [31mCompleted with 1 error and 0 warnings:[0m
[2023-06-23T02:29:27.836+0000] {subprocess.py:93} INFO - [0m02:29:27
[2023-06-23T02:29:27.838+0000] {subprocess.py:93} INFO - [0m02:29:27  [33mDatabase Error in model distinct_data (models/core/distinct_data.sql)[0m
[2023-06-23T02:29:27.840+0000] {subprocess.py:93} INFO - [0m02:29:27    Type not found: FLOAT at [46:21]
[2023-06-23T02:29:27.841+0000] {subprocess.py:93} INFO - [0m02:29:27    compiled Code at target/run/ticketmaster_transformation/models/core/distinct_data.sql
[2023-06-23T02:29:27.842+0000] {subprocess.py:93} INFO - [0m02:29:27
[2023-06-23T02:29:27.844+0000] {subprocess.py:93} INFO - [0m02:29:27  Done. PASS=3 WARN=0 ERROR=1 SKIP=0 TOTAL=4
[2023-06-23T02:29:28.273+0000] {subprocess.py:97} INFO - Command exited with return code 1
[2023-06-23T02:29:28.286+0000] {taskinstance.py:1776} ERROR - Task failed with exception
Traceback (most recent call last):
  File "/home/airflow/.local/lib/python3.7/site-packages/airflow/operators/bash.py", line 197, in execute
    f"Bash command failed. The command returned a non-zero exit code {result.exit_code}."
airflow.exceptions.AirflowException: Bash command failed. The command returned a non-zero exit code 1.
[2023-06-23T02:29:28.290+0000] {taskinstance.py:1332} INFO - Marking task as FAILED. dag_id=showpulse_dbt_dag, task_id=dbt_run, execution_date=20230623T022917, start_date=20230623T022921, end_date=20230623T022928
[2023-06-23T02:29:28.300+0000] {standard_task_runner.py:105} ERROR - Failed to execute job 2786 for task dbt_run (Bash command failed. The command returned a non-zero exit code 1.; 26113)
[2023-06-23T02:29:28.313+0000] {local_task_job.py:212} INFO - Task exited with return code 1
[2023-06-23T02:29:28.326+0000] {taskinstance.py:2596} INFO - 0 downstream tasks scheduled from follow-on schedule check
