[2023-06-23T02:22:35.984+0000] {taskinstance.py:1090} INFO - Dependencies all met for dep_context=non-requeueable deps ti=<TaskInstance: showpulse_dbt_dag.dbt_run scheduled__2023-06-23T02:21:31.696804+00:00 [queued]>
[2023-06-23T02:22:35.991+0000] {taskinstance.py:1090} INFO - Dependencies all met for dep_context=requeueable deps ti=<TaskInstance: showpulse_dbt_dag.dbt_run scheduled__2023-06-23T02:21:31.696804+00:00 [queued]>
[2023-06-23T02:22:35.991+0000] {taskinstance.py:1288} INFO - 
--------------------------------------------------------------------------------
[2023-06-23T02:22:35.992+0000] {taskinstance.py:1289} INFO - Starting attempt 1 of 1
[2023-06-23T02:22:35.992+0000] {taskinstance.py:1290} INFO - 
--------------------------------------------------------------------------------
[2023-06-23T02:22:36.001+0000] {taskinstance.py:1309} INFO - Executing <Task(BashOperator): dbt_run> on 2023-06-23 02:21:31.696804+00:00
[2023-06-23T02:22:36.005+0000] {standard_task_runner.py:55} INFO - Started process 25752 to run task
[2023-06-23T02:22:36.008+0000] {standard_task_runner.py:82} INFO - Running: ['***', 'tasks', 'run', 'showpulse_dbt_dag', 'dbt_run', 'scheduled__2023-06-23T02:21:31.696804+00:00', '--job-id', '2758', '--raw', '--subdir', 'DAGS_FOLDER/dbt_run.py', '--cfg-path', '/tmp/tmp_eb40n2t']
[2023-06-23T02:22:36.009+0000] {standard_task_runner.py:83} INFO - Job 2758: Subtask dbt_run
[2023-06-23T02:22:36.065+0000] {task_command.py:389} INFO - Running <TaskInstance: showpulse_dbt_dag.dbt_run scheduled__2023-06-23T02:21:31.696804+00:00 [running]> on host 62cfed75eae1
[2023-06-23T02:22:36.119+0000] {taskinstance.py:1518} INFO - Exporting the following env vars:
AIRFLOW_CTX_DAG_OWNER=nburkett
AIRFLOW_CTX_DAG_ID=showpulse_dbt_dag
AIRFLOW_CTX_TASK_ID=dbt_run
AIRFLOW_CTX_EXECUTION_DATE=2023-06-23T02:21:31.696804+00:00
AIRFLOW_CTX_TRY_NUMBER=1
AIRFLOW_CTX_DAG_RUN_ID=scheduled__2023-06-23T02:21:31.696804+00:00
[2023-06-23T02:22:36.120+0000] {subprocess.py:63} INFO - Tmp dir root location: 
 /tmp
[2023-06-23T02:22:36.121+0000] {subprocess.py:75} INFO - Running command: ['/bin/bash', '-c', 'cd /dbt/ticketmaster_transformation && dbt run']
[2023-06-23T02:22:36.130+0000] {subprocess.py:86} INFO - Output:
[2023-06-23T02:22:37.429+0000] {subprocess.py:93} INFO - [0m02:22:37  Running with dbt=1.5.1
[2023-06-23T02:22:37.940+0000] {subprocess.py:93} INFO - [0m02:22:37  Found 4 models, 0 tests, 0 snapshots, 0 analyses, 356 macros, 0 operations, 0 seed files, 3 sources, 0 exposures, 0 metrics, 0 groups
[2023-06-23T02:22:37.947+0000] {subprocess.py:93} INFO - [0m02:22:37
[2023-06-23T02:22:38.565+0000] {subprocess.py:93} INFO - [0m02:22:38  Concurrency: 4 threads (target='dev')
[2023-06-23T02:22:38.568+0000] {subprocess.py:93} INFO - [0m02:22:38
[2023-06-23T02:22:38.591+0000] {subprocess.py:93} INFO - [0m02:22:38  1 of 4 START sql table model twitter_kafka_pyspark_test.distinct_data .......... [RUN]
[2023-06-23T02:22:38.593+0000] {subprocess.py:93} INFO - [0m02:22:38  2 of 4 START sql table model twitter_kafka_pyspark_test.dm_events .............. [RUN]
[2023-06-23T02:22:38.595+0000] {subprocess.py:93} INFO - [0m02:22:38  3 of 4 START sql table model twitter_kafka_pyspark_test.my_first_dbt_model ..... [RUN]
[2023-06-23T02:22:41.190+0000] {subprocess.py:93} INFO - [0m02:22:41  BigQuery adapter: https://console.cloud.google.com/bigquery?project=global-maxim-338114&j=bq:US:762fa979-0d35-4272-b383-db62251eab1e&page=queryresults
[2023-06-23T02:22:41.194+0000] {subprocess.py:93} INFO - [0m02:22:41  3 of 4 OK created sql table model twitter_kafka_pyspark_test.my_first_dbt_model  [[32mCREATE TABLE (2.0 rows, 0 processed)[0m in 2.59s]
[2023-06-23T02:22:41.201+0000] {subprocess.py:93} INFO - [0m02:22:41  4 of 4 START sql view model twitter_kafka_pyspark_test.my_second_dbt_model ..... [RUN]
[2023-06-23T02:22:41.203+0000] {subprocess.py:93} INFO - [0m02:22:41  1 of 4 ERROR creating sql table model twitter_kafka_pyspark_test.distinct_data . [[31mERROR[0m in 2.60s]
[2023-06-23T02:22:41.431+0000] {subprocess.py:93} INFO - [0m02:22:41  2 of 4 OK created sql table model twitter_kafka_pyspark_test.dm_events ......... [[32mCREATE TABLE (217.0 rows, 32.0 KiB processed)[0m in 2.83s]
[2023-06-23T02:22:41.990+0000] {subprocess.py:93} INFO - [0m02:22:41  4 of 4 OK created sql view model twitter_kafka_pyspark_test.my_second_dbt_model  [[32mCREATE VIEW (0 processed)[0m in 0.78s]
[2023-06-23T02:22:42.038+0000] {subprocess.py:93} INFO - [0m02:22:42
[2023-06-23T02:22:42.040+0000] {subprocess.py:93} INFO - [0m02:22:42  Finished running 3 table models, 1 view model in 0 hours 0 minutes and 4.09 seconds (4.09s).
[2023-06-23T02:22:42.064+0000] {subprocess.py:93} INFO - [0m02:22:42
[2023-06-23T02:22:42.066+0000] {subprocess.py:93} INFO - [0m02:22:42  [31mCompleted with 1 error and 0 warnings:[0m
[2023-06-23T02:22:42.068+0000] {subprocess.py:93} INFO - [0m02:22:42
[2023-06-23T02:22:42.070+0000] {subprocess.py:93} INFO - [0m02:22:42  [33mDatabase Error in model distinct_data (models/core/distinct_data.sql)[0m
[2023-06-23T02:22:42.072+0000] {subprocess.py:93} INFO - [0m02:22:42    Type not found: FLOAT at [31:27]
[2023-06-23T02:22:42.074+0000] {subprocess.py:93} INFO - [0m02:22:42    compiled Code at target/run/ticketmaster_transformation/models/core/distinct_data.sql
[2023-06-23T02:22:42.075+0000] {subprocess.py:93} INFO - [0m02:22:42
[2023-06-23T02:22:42.076+0000] {subprocess.py:93} INFO - [0m02:22:42  Done. PASS=3 WARN=0 ERROR=1 SKIP=0 TOTAL=4
[2023-06-23T02:22:42.519+0000] {subprocess.py:97} INFO - Command exited with return code 1
[2023-06-23T02:22:42.532+0000] {taskinstance.py:1776} ERROR - Task failed with exception
Traceback (most recent call last):
  File "/home/airflow/.local/lib/python3.7/site-packages/airflow/operators/bash.py", line 197, in execute
    f"Bash command failed. The command returned a non-zero exit code {result.exit_code}."
airflow.exceptions.AirflowException: Bash command failed. The command returned a non-zero exit code 1.
[2023-06-23T02:22:42.536+0000] {taskinstance.py:1332} INFO - Marking task as FAILED. dag_id=showpulse_dbt_dag, task_id=dbt_run, execution_date=20230623T022131, start_date=20230623T022235, end_date=20230623T022242
[2023-06-23T02:22:42.548+0000] {standard_task_runner.py:105} ERROR - Failed to execute job 2758 for task dbt_run (Bash command failed. The command returned a non-zero exit code 1.; 25752)
[2023-06-23T02:22:42.581+0000] {local_task_job.py:212} INFO - Task exited with return code 1
[2023-06-23T02:22:42.598+0000] {taskinstance.py:2596} INFO - 0 downstream tasks scheduled from follow-on schedule check
