[2023-05-13T21:58:51.159+0000] {taskinstance.py:1090} INFO - Dependencies all met for dep_context=non-requeueable deps ti=<TaskInstance: ny_taxi_local.create_directory.test manual__2023-05-13T21:58:50.017343+00:00 [queued]>
[2023-05-13T21:58:51.168+0000] {taskinstance.py:1090} INFO - Dependencies all met for dep_context=requeueable deps ti=<TaskInstance: ny_taxi_local.create_directory.test manual__2023-05-13T21:58:50.017343+00:00 [queued]>
[2023-05-13T21:58:51.169+0000] {taskinstance.py:1288} INFO - 
--------------------------------------------------------------------------------
[2023-05-13T21:58:51.170+0000] {taskinstance.py:1289} INFO - Starting attempt 1 of 1
[2023-05-13T21:58:51.170+0000] {taskinstance.py:1290} INFO - 
--------------------------------------------------------------------------------
[2023-05-13T21:58:51.182+0000] {taskinstance.py:1309} INFO - Executing <Task(_PythonDecoratedOperator): create_directory.test> on 2023-05-13 21:58:50.017343+00:00
[2023-05-13T21:58:51.188+0000] {standard_task_runner.py:55} INFO - Started process 1978 to run task
[2023-05-13T21:58:51.192+0000] {standard_task_runner.py:82} INFO - Running: ['***', 'tasks', 'run', 'ny_taxi_local', 'create_directory.test', 'manual__2023-05-13T21:58:50.017343+00:00', '--job-id', '60', '--raw', '--subdir', 'DAGS_FOLDER/fetch_and_upload.py', '--cfg-path', '/tmp/tmpqm1l_n74']
[2023-05-13T21:58:51.194+0000] {standard_task_runner.py:83} INFO - Job 60: Subtask create_directory.test
[2023-05-13T21:58:51.259+0000] {task_command.py:389} INFO - Running <TaskInstance: ny_taxi_local.create_directory.test manual__2023-05-13T21:58:50.017343+00:00 [running]> on host fdfc81637e26
[2023-05-13T21:58:51.311+0000] {taskinstance.py:1518} INFO - Exporting the following env vars:
AIRFLOW_CTX_DAG_OWNER=***
AIRFLOW_CTX_DAG_ID=ny_taxi_local
AIRFLOW_CTX_TASK_ID=create_directory.test
AIRFLOW_CTX_EXECUTION_DATE=2023-05-13T21:58:50.017343+00:00
AIRFLOW_CTX_TRY_NUMBER=1
AIRFLOW_CTX_DAG_RUN_ID=manual__2023-05-13T21:58:50.017343+00:00
[2023-05-13T21:58:51.313+0000] {logging_mixin.py:137} INFO - TESTING THIS EXAMPLE DAG
[2023-05-13T21:58:51.314+0000] {taskinstance.py:1776} ERROR - Task failed with exception
Traceback (most recent call last):
  File "/home/airflow/.local/lib/python3.7/site-packages/airflow/decorators/base.py", line 217, in execute
    return_value = super().execute(context)
  File "/home/airflow/.local/lib/python3.7/site-packages/airflow/operators/python.py", line 175, in execute
    return_value = self.execute_callable()
  File "/home/airflow/.local/lib/python3.7/site-packages/airflow/operators/python.py", line 192, in execute_callable
    return self.python_callable(*self.op_args, **self.op_kwargs)
  File "/opt/airflow/dags/fetch_and_upload.py", line 40, in test
    {{ run_id }}
NameError: name 'run_id' is not defined
[2023-05-13T21:58:51.324+0000] {taskinstance.py:1332} INFO - Marking task as FAILED. dag_id=ny_taxi_local, task_id=create_directory.test, execution_date=20230513T215850, start_date=20230513T215851, end_date=20230513T215851
[2023-05-13T21:58:51.333+0000] {standard_task_runner.py:105} ERROR - Failed to execute job 60 for task create_directory.test (name 'run_id' is not defined; 1978)
[2023-05-13T21:58:51.364+0000] {local_task_job.py:212} INFO - Task exited with return code 1
[2023-05-13T21:58:51.384+0000] {taskinstance.py:2596} INFO - 0 downstream tasks scheduled from follow-on schedule check
