[2023-06-23T02:29:56.855+0000] {taskinstance.py:1090} INFO - Dependencies all met for dep_context=non-requeueable deps ti=<TaskInstance: showpulse_dbt_dag.dbt_run scheduled__2023-06-23T02:28:52.899435+00:00 [queued]>
[2023-06-23T02:29:56.862+0000] {taskinstance.py:1090} INFO - Dependencies all met for dep_context=requeueable deps ti=<TaskInstance: showpulse_dbt_dag.dbt_run scheduled__2023-06-23T02:28:52.899435+00:00 [queued]>
[2023-06-23T02:29:56.863+0000] {taskinstance.py:1288} INFO - 
--------------------------------------------------------------------------------
[2023-06-23T02:29:56.863+0000] {taskinstance.py:1289} INFO - Starting attempt 1 of 1
[2023-06-23T02:29:56.864+0000] {taskinstance.py:1290} INFO - 
--------------------------------------------------------------------------------
[2023-06-23T02:29:56.872+0000] {taskinstance.py:1309} INFO - Executing <Task(BashOperator): dbt_run> on 2023-06-23 02:28:52.899435+00:00
[2023-06-23T02:29:56.876+0000] {standard_task_runner.py:55} INFO - Started process 26152 to run task
[2023-06-23T02:29:56.879+0000] {standard_task_runner.py:82} INFO - Running: ['***', 'tasks', 'run', 'showpulse_dbt_dag', 'dbt_run', 'scheduled__2023-06-23T02:28:52.899435+00:00', '--job-id', '2790', '--raw', '--subdir', 'DAGS_FOLDER/dbt_run.py', '--cfg-path', '/tmp/tmpnwxucbxj']
[2023-06-23T02:29:56.880+0000] {standard_task_runner.py:83} INFO - Job 2790: Subtask dbt_run
[2023-06-23T02:29:56.935+0000] {task_command.py:389} INFO - Running <TaskInstance: showpulse_dbt_dag.dbt_run scheduled__2023-06-23T02:28:52.899435+00:00 [running]> on host 62cfed75eae1
[2023-06-23T02:29:56.993+0000] {taskinstance.py:1518} INFO - Exporting the following env vars:
AIRFLOW_CTX_DAG_OWNER=nburkett
AIRFLOW_CTX_DAG_ID=showpulse_dbt_dag
AIRFLOW_CTX_TASK_ID=dbt_run
AIRFLOW_CTX_EXECUTION_DATE=2023-06-23T02:28:52.899435+00:00
AIRFLOW_CTX_TRY_NUMBER=1
AIRFLOW_CTX_DAG_RUN_ID=scheduled__2023-06-23T02:28:52.899435+00:00
[2023-06-23T02:29:56.994+0000] {subprocess.py:63} INFO - Tmp dir root location: 
 /tmp
[2023-06-23T02:29:56.995+0000] {subprocess.py:75} INFO - Running command: ['/bin/bash', '-c', 'cd /dbt/ticketmaster_transformation && dbt run']
[2023-06-23T02:29:57.004+0000] {subprocess.py:86} INFO - Output:
[2023-06-23T02:29:58.315+0000] {subprocess.py:93} INFO - [0m02:29:58  Running with dbt=1.5.1
[2023-06-23T02:29:58.830+0000] {subprocess.py:93} INFO - [0m02:29:58  Found 4 models, 0 tests, 0 snapshots, 0 analyses, 356 macros, 0 operations, 0 seed files, 3 sources, 0 exposures, 0 metrics, 0 groups
[2023-06-23T02:29:58.841+0000] {subprocess.py:93} INFO - [0m02:29:58
[2023-06-23T02:29:59.478+0000] {subprocess.py:93} INFO - [0m02:29:59  Concurrency: 4 threads (target='dev')
[2023-06-23T02:29:59.481+0000] {subprocess.py:93} INFO - [0m02:29:59
[2023-06-23T02:29:59.492+0000] {subprocess.py:93} INFO - [0m02:29:59  1 of 4 START sql table model twitter_kafka_pyspark_test.distinct_data .......... [RUN]
[2023-06-23T02:29:59.494+0000] {subprocess.py:93} INFO - [0m02:29:59  2 of 4 START sql table model twitter_kafka_pyspark_test.dm_events .............. [RUN]
[2023-06-23T02:29:59.497+0000] {subprocess.py:93} INFO - [0m02:29:59  3 of 4 START sql table model twitter_kafka_pyspark_test.my_first_dbt_model ..... [RUN]
[2023-06-23T02:30:01.952+0000] {subprocess.py:93} INFO - [0m02:30:01  3 of 4 OK created sql table model twitter_kafka_pyspark_test.my_first_dbt_model  [[32mCREATE TABLE (2.0 rows, 0 processed)[0m in 2.45s]
[2023-06-23T02:30:01.958+0000] {subprocess.py:93} INFO - [0m02:30:01  4 of 4 START sql view model twitter_kafka_pyspark_test.my_second_dbt_model ..... [RUN]
[2023-06-23T02:30:02.293+0000] {subprocess.py:93} INFO - [0m02:30:02  2 of 4 OK created sql table model twitter_kafka_pyspark_test.dm_events ......... [[32mCREATE TABLE (217.0 rows, 32.0 KiB processed)[0m in 2.79s]
[2023-06-23T02:30:02.536+0000] {subprocess.py:93} INFO - [0m02:30:02  BigQuery adapter: https://console.cloud.google.com/bigquery?project=global-maxim-338114&j=bq:US:eea97b2d-56fb-48f9-8171-7c5c00c9bf99&page=queryresults
[2023-06-23T02:30:02.573+0000] {subprocess.py:93} INFO - [0m02:30:02  1 of 4 ERROR creating sql table model twitter_kafka_pyspark_test.distinct_data . [[31mERROR[0m in 3.07s]
[2023-06-23T02:30:02.699+0000] {subprocess.py:93} INFO - [0m02:30:02  4 of 4 OK created sql view model twitter_kafka_pyspark_test.my_second_dbt_model  [[32mCREATE VIEW (0 processed)[0m in 0.74s]
[2023-06-23T02:30:02.765+0000] {subprocess.py:93} INFO - [0m02:30:02
[2023-06-23T02:30:02.767+0000] {subprocess.py:93} INFO - [0m02:30:02  Finished running 3 table models, 1 view model in 0 hours 0 minutes and 3.92 seconds (3.92s).
[2023-06-23T02:30:02.786+0000] {subprocess.py:93} INFO - [0m02:30:02
[2023-06-23T02:30:02.787+0000] {subprocess.py:93} INFO - [0m02:30:02  [31mCompleted with 1 error and 0 warnings:[0m
[2023-06-23T02:30:02.788+0000] {subprocess.py:93} INFO - [0m02:30:02
[2023-06-23T02:30:02.789+0000] {subprocess.py:93} INFO - [0m02:30:02  [33mDatabase Error in model distinct_data (models/core/distinct_data.sql)[0m
[2023-06-23T02:30:02.790+0000] {subprocess.py:93} INFO - [0m02:30:02    Type not found: FLOAT at [46:21]
[2023-06-23T02:30:02.792+0000] {subprocess.py:93} INFO - [0m02:30:02    compiled Code at target/run/ticketmaster_transformation/models/core/distinct_data.sql
[2023-06-23T02:30:02.793+0000] {subprocess.py:93} INFO - [0m02:30:02
[2023-06-23T02:30:02.794+0000] {subprocess.py:93} INFO - [0m02:30:02  Done. PASS=3 WARN=0 ERROR=1 SKIP=0 TOTAL=4
[2023-06-23T02:30:03.230+0000] {subprocess.py:97} INFO - Command exited with return code 1
[2023-06-23T02:30:03.245+0000] {taskinstance.py:1776} ERROR - Task failed with exception
Traceback (most recent call last):
  File "/home/airflow/.local/lib/python3.7/site-packages/airflow/operators/bash.py", line 197, in execute
    f"Bash command failed. The command returned a non-zero exit code {result.exit_code}."
airflow.exceptions.AirflowException: Bash command failed. The command returned a non-zero exit code 1.
[2023-06-23T02:30:03.249+0000] {taskinstance.py:1332} INFO - Marking task as FAILED. dag_id=showpulse_dbt_dag, task_id=dbt_run, execution_date=20230623T022852, start_date=20230623T022956, end_date=20230623T023003
[2023-06-23T02:30:03.262+0000] {standard_task_runner.py:105} ERROR - Failed to execute job 2790 for task dbt_run (Bash command failed. The command returned a non-zero exit code 1.; 26152)
[2023-06-23T02:30:03.304+0000] {local_task_job.py:212} INFO - Task exited with return code 1
[2023-06-23T02:30:03.319+0000] {taskinstance.py:2596} INFO - 0 downstream tasks scheduled from follow-on schedule check
