[2023-06-23T02:24:36.349+0000] {taskinstance.py:1090} INFO - Dependencies all met for dep_context=non-requeueable deps ti=<TaskInstance: showpulse_dbt_dag.dbt_run scheduled__2023-06-23T02:23:31.696804+00:00 [queued]>
[2023-06-23T02:24:36.355+0000] {taskinstance.py:1090} INFO - Dependencies all met for dep_context=requeueable deps ti=<TaskInstance: showpulse_dbt_dag.dbt_run scheduled__2023-06-23T02:23:31.696804+00:00 [queued]>
[2023-06-23T02:24:36.356+0000] {taskinstance.py:1288} INFO - 
--------------------------------------------------------------------------------
[2023-06-23T02:24:36.356+0000] {taskinstance.py:1289} INFO - Starting attempt 1 of 1
[2023-06-23T02:24:36.357+0000] {taskinstance.py:1290} INFO - 
--------------------------------------------------------------------------------
[2023-06-23T02:24:36.364+0000] {taskinstance.py:1309} INFO - Executing <Task(BashOperator): dbt_run> on 2023-06-23 02:23:31.696804+00:00
[2023-06-23T02:24:36.368+0000] {standard_task_runner.py:55} INFO - Started process 25863 to run task
[2023-06-23T02:24:36.371+0000] {standard_task_runner.py:82} INFO - Running: ['***', 'tasks', 'run', 'showpulse_dbt_dag', 'dbt_run', 'scheduled__2023-06-23T02:23:31.696804+00:00', '--job-id', '2766', '--raw', '--subdir', 'DAGS_FOLDER/dbt_run.py', '--cfg-path', '/tmp/tmpfstvv1ii']
[2023-06-23T02:24:36.372+0000] {standard_task_runner.py:83} INFO - Job 2766: Subtask dbt_run
[2023-06-23T02:24:36.425+0000] {task_command.py:389} INFO - Running <TaskInstance: showpulse_dbt_dag.dbt_run scheduled__2023-06-23T02:23:31.696804+00:00 [running]> on host 62cfed75eae1
[2023-06-23T02:24:36.474+0000] {taskinstance.py:1518} INFO - Exporting the following env vars:
AIRFLOW_CTX_DAG_OWNER=nburkett
AIRFLOW_CTX_DAG_ID=showpulse_dbt_dag
AIRFLOW_CTX_TASK_ID=dbt_run
AIRFLOW_CTX_EXECUTION_DATE=2023-06-23T02:23:31.696804+00:00
AIRFLOW_CTX_TRY_NUMBER=1
AIRFLOW_CTX_DAG_RUN_ID=scheduled__2023-06-23T02:23:31.696804+00:00
[2023-06-23T02:24:36.475+0000] {subprocess.py:63} INFO - Tmp dir root location: 
 /tmp
[2023-06-23T02:24:36.476+0000] {subprocess.py:75} INFO - Running command: ['/bin/bash', '-c', 'cd /dbt/ticketmaster_transformation && dbt run']
[2023-06-23T02:24:36.484+0000] {subprocess.py:86} INFO - Output:
[2023-06-23T02:24:37.947+0000] {subprocess.py:93} INFO - [0m02:24:37  Running with dbt=1.5.1
[2023-06-23T02:24:38.540+0000] {subprocess.py:93} INFO - [0m02:24:38  Found 4 models, 0 tests, 0 snapshots, 0 analyses, 356 macros, 0 operations, 0 seed files, 3 sources, 0 exposures, 0 metrics, 0 groups
[2023-06-23T02:24:38.543+0000] {subprocess.py:93} INFO - [0m02:24:38
[2023-06-23T02:24:39.204+0000] {subprocess.py:93} INFO - [0m02:24:39  Concurrency: 4 threads (target='dev')
[2023-06-23T02:24:39.208+0000] {subprocess.py:93} INFO - [0m02:24:39
[2023-06-23T02:24:39.222+0000] {subprocess.py:93} INFO - [0m02:24:39  1 of 4 START sql table model twitter_kafka_pyspark_test.distinct_data .......... [RUN]
[2023-06-23T02:24:39.226+0000] {subprocess.py:93} INFO - [0m02:24:39  2 of 4 START sql table model twitter_kafka_pyspark_test.dm_events .............. [RUN]
[2023-06-23T02:24:39.228+0000] {subprocess.py:93} INFO - [0m02:24:39  3 of 4 START sql table model twitter_kafka_pyspark_test.my_first_dbt_model ..... [RUN]
[2023-06-23T02:24:41.794+0000] {subprocess.py:93} INFO - [0m02:24:41  3 of 4 OK created sql table model twitter_kafka_pyspark_test.my_first_dbt_model  [[32mCREATE TABLE (2.0 rows, 0 processed)[0m in 2.56s]
[2023-06-23T02:24:41.801+0000] {subprocess.py:93} INFO - [0m02:24:41  4 of 4 START sql view model twitter_kafka_pyspark_test.my_second_dbt_model ..... [RUN]
[2023-06-23T02:24:41.941+0000] {subprocess.py:93} INFO - [0m02:24:41  2 of 4 OK created sql table model twitter_kafka_pyspark_test.dm_events ......... [[32mCREATE TABLE (217.0 rows, 32.0 KiB processed)[0m in 2.71s]
[2023-06-23T02:24:42.039+0000] {subprocess.py:93} INFO - [0m02:24:42  BigQuery adapter: https://console.cloud.google.com/bigquery?project=global-maxim-338114&j=bq:US:429cf934-d3c9-4e32-af92-f265b09215be&page=queryresults
[2023-06-23T02:24:42.053+0000] {subprocess.py:93} INFO - [0m02:24:42  1 of 4 ERROR creating sql table model twitter_kafka_pyspark_test.distinct_data . [[31mERROR[0m in 2.82s]
[2023-06-23T02:24:42.695+0000] {subprocess.py:93} INFO - [0m02:24:42  4 of 4 OK created sql view model twitter_kafka_pyspark_test.my_second_dbt_model  [[32mCREATE VIEW (0 processed)[0m in 0.89s]
[2023-06-23T02:24:42.791+0000] {subprocess.py:93} INFO - [0m02:24:42
[2023-06-23T02:24:42.793+0000] {subprocess.py:93} INFO - [0m02:24:42  Finished running 3 table models, 1 view model in 0 hours 0 minutes and 4.25 seconds (4.25s).
[2023-06-23T02:24:42.808+0000] {subprocess.py:93} INFO - [0m02:24:42
[2023-06-23T02:24:42.810+0000] {subprocess.py:93} INFO - [0m02:24:42  [31mCompleted with 1 error and 0 warnings:[0m
[2023-06-23T02:24:42.812+0000] {subprocess.py:93} INFO - [0m02:24:42
[2023-06-23T02:24:42.813+0000] {subprocess.py:93} INFO - [0m02:24:42  [33mDatabase Error in model distinct_data (models/core/distinct_data.sql)[0m
[2023-06-23T02:24:42.814+0000] {subprocess.py:93} INFO - [0m02:24:42    Type not found: FLOAT at [47:21]
[2023-06-23T02:24:42.816+0000] {subprocess.py:93} INFO - [0m02:24:42    compiled Code at target/run/ticketmaster_transformation/models/core/distinct_data.sql
[2023-06-23T02:24:42.817+0000] {subprocess.py:93} INFO - [0m02:24:42
[2023-06-23T02:24:42.818+0000] {subprocess.py:93} INFO - [0m02:24:42  Done. PASS=3 WARN=0 ERROR=1 SKIP=0 TOTAL=4
[2023-06-23T02:24:43.299+0000] {subprocess.py:97} INFO - Command exited with return code 1
[2023-06-23T02:24:43.314+0000] {taskinstance.py:1776} ERROR - Task failed with exception
Traceback (most recent call last):
  File "/home/airflow/.local/lib/python3.7/site-packages/airflow/operators/bash.py", line 197, in execute
    f"Bash command failed. The command returned a non-zero exit code {result.exit_code}."
airflow.exceptions.AirflowException: Bash command failed. The command returned a non-zero exit code 1.
[2023-06-23T02:24:43.318+0000] {taskinstance.py:1332} INFO - Marking task as FAILED. dag_id=showpulse_dbt_dag, task_id=dbt_run, execution_date=20230623T022331, start_date=20230623T022436, end_date=20230623T022443
[2023-06-23T02:24:43.331+0000] {standard_task_runner.py:105} ERROR - Failed to execute job 2766 for task dbt_run (Bash command failed. The command returned a non-zero exit code 1.; 25863)
[2023-06-23T02:24:43.351+0000] {local_task_job.py:212} INFO - Task exited with return code 1
[2023-06-23T02:24:43.368+0000] {taskinstance.py:2596} INFO - 0 downstream tasks scheduled from follow-on schedule check
