[2023-06-23T02:23:35.697+0000] {taskinstance.py:1090} INFO - Dependencies all met for dep_context=non-requeueable deps ti=<TaskInstance: showpulse_dbt_dag.dbt_run scheduled__2023-06-23T02:22:31.696804+00:00 [queued]>
[2023-06-23T02:23:35.704+0000] {taskinstance.py:1090} INFO - Dependencies all met for dep_context=requeueable deps ti=<TaskInstance: showpulse_dbt_dag.dbt_run scheduled__2023-06-23T02:22:31.696804+00:00 [queued]>
[2023-06-23T02:23:35.705+0000] {taskinstance.py:1288} INFO - 
--------------------------------------------------------------------------------
[2023-06-23T02:23:35.705+0000] {taskinstance.py:1289} INFO - Starting attempt 1 of 1
[2023-06-23T02:23:35.706+0000] {taskinstance.py:1290} INFO - 
--------------------------------------------------------------------------------
[2023-06-23T02:23:35.714+0000] {taskinstance.py:1309} INFO - Executing <Task(BashOperator): dbt_run> on 2023-06-23 02:22:31.696804+00:00
[2023-06-23T02:23:35.718+0000] {standard_task_runner.py:55} INFO - Started process 25808 to run task
[2023-06-23T02:23:35.721+0000] {standard_task_runner.py:82} INFO - Running: ['***', 'tasks', 'run', 'showpulse_dbt_dag', 'dbt_run', 'scheduled__2023-06-23T02:22:31.696804+00:00', '--job-id', '2762', '--raw', '--subdir', 'DAGS_FOLDER/dbt_run.py', '--cfg-path', '/tmp/tmpilzsum8o']
[2023-06-23T02:23:35.722+0000] {standard_task_runner.py:83} INFO - Job 2762: Subtask dbt_run
[2023-06-23T02:23:35.775+0000] {task_command.py:389} INFO - Running <TaskInstance: showpulse_dbt_dag.dbt_run scheduled__2023-06-23T02:22:31.696804+00:00 [running]> on host 62cfed75eae1
[2023-06-23T02:23:35.828+0000] {taskinstance.py:1518} INFO - Exporting the following env vars:
AIRFLOW_CTX_DAG_OWNER=nburkett
AIRFLOW_CTX_DAG_ID=showpulse_dbt_dag
AIRFLOW_CTX_TASK_ID=dbt_run
AIRFLOW_CTX_EXECUTION_DATE=2023-06-23T02:22:31.696804+00:00
AIRFLOW_CTX_TRY_NUMBER=1
AIRFLOW_CTX_DAG_RUN_ID=scheduled__2023-06-23T02:22:31.696804+00:00
[2023-06-23T02:23:35.829+0000] {subprocess.py:63} INFO - Tmp dir root location: 
 /tmp
[2023-06-23T02:23:35.830+0000] {subprocess.py:75} INFO - Running command: ['/bin/bash', '-c', 'cd /dbt/ticketmaster_transformation && dbt run']
[2023-06-23T02:23:35.839+0000] {subprocess.py:86} INFO - Output:
[2023-06-23T02:23:37.131+0000] {subprocess.py:93} INFO - [0m02:23:37  Running with dbt=1.5.1
[2023-06-23T02:23:37.688+0000] {subprocess.py:93} INFO - [0m02:23:37  Found 4 models, 0 tests, 0 snapshots, 0 analyses, 356 macros, 0 operations, 0 seed files, 3 sources, 0 exposures, 0 metrics, 0 groups
[2023-06-23T02:23:37.691+0000] {subprocess.py:93} INFO - [0m02:23:37
[2023-06-23T02:23:38.291+0000] {subprocess.py:93} INFO - [0m02:23:38  Concurrency: 4 threads (target='dev')
[2023-06-23T02:23:38.293+0000] {subprocess.py:93} INFO - [0m02:23:38
[2023-06-23T02:23:38.301+0000] {subprocess.py:93} INFO - [0m02:23:38  1 of 4 START sql table model twitter_kafka_pyspark_test.distinct_data .......... [RUN]
[2023-06-23T02:23:38.302+0000] {subprocess.py:93} INFO - [0m02:23:38  2 of 4 START sql table model twitter_kafka_pyspark_test.dm_events .............. [RUN]
[2023-06-23T02:23:38.304+0000] {subprocess.py:93} INFO - [0m02:23:38  3 of 4 START sql table model twitter_kafka_pyspark_test.my_first_dbt_model ..... [RUN]
[2023-06-23T02:23:40.157+0000] {subprocess.py:93} INFO - [0m02:23:40  BigQuery adapter: https://console.cloud.google.com/bigquery?project=global-maxim-338114&j=bq:US:a312d1e9-0ffc-4aeb-ac31-7fae860ae8aa&page=queryresults
[2023-06-23T02:23:40.177+0000] {subprocess.py:93} INFO - [0m02:23:40  1 of 4 ERROR creating sql table model twitter_kafka_pyspark_test.distinct_data . [[31mERROR[0m in 1.87s]
[2023-06-23T02:23:40.798+0000] {subprocess.py:93} INFO - [0m02:23:40  3 of 4 OK created sql table model twitter_kafka_pyspark_test.my_first_dbt_model  [[32mCREATE TABLE (2.0 rows, 0 processed)[0m in 2.49s]
[2023-06-23T02:23:40.803+0000] {subprocess.py:93} INFO - [0m02:23:40  4 of 4 START sql view model twitter_kafka_pyspark_test.my_second_dbt_model ..... [RUN]
[2023-06-23T02:23:41.043+0000] {subprocess.py:93} INFO - [0m02:23:41  2 of 4 OK created sql table model twitter_kafka_pyspark_test.dm_events ......... [[32mCREATE TABLE (217.0 rows, 32.0 KiB processed)[0m in 2.73s]
[2023-06-23T02:23:41.493+0000] {subprocess.py:93} INFO - [0m02:23:41  4 of 4 OK created sql view model twitter_kafka_pyspark_test.my_second_dbt_model  [[32mCREATE VIEW (0 processed)[0m in 0.69s]
[2023-06-23T02:23:41.574+0000] {subprocess.py:93} INFO - [0m02:23:41
[2023-06-23T02:23:41.576+0000] {subprocess.py:93} INFO - [0m02:23:41  Finished running 3 table models, 1 view model in 0 hours 0 minutes and 3.88 seconds (3.88s).
[2023-06-23T02:23:41.595+0000] {subprocess.py:93} INFO - [0m02:23:41
[2023-06-23T02:23:41.597+0000] {subprocess.py:93} INFO - [0m02:23:41  [31mCompleted with 1 error and 0 warnings:[0m
[2023-06-23T02:23:41.598+0000] {subprocess.py:93} INFO - [0m02:23:41
[2023-06-23T02:23:41.600+0000] {subprocess.py:93} INFO - [0m02:23:41  [33mDatabase Error in model distinct_data (models/core/distinct_data.sql)[0m
[2023-06-23T02:23:41.601+0000] {subprocess.py:93} INFO - [0m02:23:41    Syntax error: Unexpected "," at [47:17]
[2023-06-23T02:23:41.602+0000] {subprocess.py:93} INFO - [0m02:23:41    compiled Code at target/run/ticketmaster_transformation/models/core/distinct_data.sql
[2023-06-23T02:23:41.603+0000] {subprocess.py:93} INFO - [0m02:23:41
[2023-06-23T02:23:41.605+0000] {subprocess.py:93} INFO - [0m02:23:41  Done. PASS=3 WARN=0 ERROR=1 SKIP=0 TOTAL=4
[2023-06-23T02:23:42.071+0000] {subprocess.py:97} INFO - Command exited with return code 1
[2023-06-23T02:23:42.086+0000] {taskinstance.py:1776} ERROR - Task failed with exception
Traceback (most recent call last):
  File "/home/airflow/.local/lib/python3.7/site-packages/airflow/operators/bash.py", line 197, in execute
    f"Bash command failed. The command returned a non-zero exit code {result.exit_code}."
airflow.exceptions.AirflowException: Bash command failed. The command returned a non-zero exit code 1.
[2023-06-23T02:23:42.090+0000] {taskinstance.py:1332} INFO - Marking task as FAILED. dag_id=showpulse_dbt_dag, task_id=dbt_run, execution_date=20230623T022231, start_date=20230623T022335, end_date=20230623T022342
[2023-06-23T02:23:42.102+0000] {standard_task_runner.py:105} ERROR - Failed to execute job 2762 for task dbt_run (Bash command failed. The command returned a non-zero exit code 1.; 25808)
[2023-06-23T02:23:42.117+0000] {local_task_job.py:212} INFO - Task exited with return code 1
[2023-06-23T02:23:42.133+0000] {taskinstance.py:2596} INFO - 0 downstream tasks scheduled from follow-on schedule check
