[2023-06-23T02:35:20.198+0000] {taskinstance.py:1090} INFO - Dependencies all met for dep_context=non-requeueable deps ti=<TaskInstance: showpulse_dbt_dag.dbt_run scheduled__2023-06-23T02:34:15.976678+00:00 [queued]>
[2023-06-23T02:35:20.212+0000] {taskinstance.py:1090} INFO - Dependencies all met for dep_context=requeueable deps ti=<TaskInstance: showpulse_dbt_dag.dbt_run scheduled__2023-06-23T02:34:15.976678+00:00 [queued]>
[2023-06-23T02:35:20.213+0000] {taskinstance.py:1288} INFO - 
--------------------------------------------------------------------------------
[2023-06-23T02:35:20.214+0000] {taskinstance.py:1289} INFO - Starting attempt 1 of 1
[2023-06-23T02:35:20.215+0000] {taskinstance.py:1290} INFO - 
--------------------------------------------------------------------------------
[2023-06-23T02:35:20.242+0000] {taskinstance.py:1309} INFO - Executing <Task(BashOperator): dbt_run> on 2023-06-23 02:34:15.976678+00:00
[2023-06-23T02:35:20.259+0000] {standard_task_runner.py:55} INFO - Started process 26481 to run task
[2023-06-23T02:35:20.265+0000] {standard_task_runner.py:82} INFO - Running: ['***', 'tasks', 'run', 'showpulse_dbt_dag', 'dbt_run', 'scheduled__2023-06-23T02:34:15.976678+00:00', '--job-id', '2818', '--raw', '--subdir', 'DAGS_FOLDER/dbt_run.py', '--cfg-path', '/tmp/tmpwz83msum']
[2023-06-23T02:35:20.266+0000] {standard_task_runner.py:83} INFO - Job 2818: Subtask dbt_run
[2023-06-23T02:35:20.364+0000] {task_command.py:389} INFO - Running <TaskInstance: showpulse_dbt_dag.dbt_run scheduled__2023-06-23T02:34:15.976678+00:00 [running]> on host 62cfed75eae1
[2023-06-23T02:35:20.426+0000] {taskinstance.py:1518} INFO - Exporting the following env vars:
AIRFLOW_CTX_DAG_OWNER=nburkett
AIRFLOW_CTX_DAG_ID=showpulse_dbt_dag
AIRFLOW_CTX_TASK_ID=dbt_run
AIRFLOW_CTX_EXECUTION_DATE=2023-06-23T02:34:15.976678+00:00
AIRFLOW_CTX_TRY_NUMBER=1
AIRFLOW_CTX_DAG_RUN_ID=scheduled__2023-06-23T02:34:15.976678+00:00
[2023-06-23T02:35:20.428+0000] {subprocess.py:63} INFO - Tmp dir root location: 
 /tmp
[2023-06-23T02:35:20.431+0000] {subprocess.py:75} INFO - Running command: ['/bin/bash', '-c', 'cd /dbt/ticketmaster_transformation && dbt run']
[2023-06-23T02:35:20.458+0000] {subprocess.py:86} INFO - Output:
[2023-06-23T02:35:22.270+0000] {subprocess.py:93} INFO - [0m02:35:22  Running with dbt=1.5.1
[2023-06-23T02:35:23.072+0000] {subprocess.py:93} INFO - [0m02:35:23  Found 4 models, 0 tests, 0 snapshots, 0 analyses, 356 macros, 0 operations, 0 seed files, 3 sources, 0 exposures, 0 metrics, 0 groups
[2023-06-23T02:35:23.074+0000] {subprocess.py:93} INFO - [0m02:35:23
[2023-06-23T02:35:23.816+0000] {subprocess.py:93} INFO - [0m02:35:23  Concurrency: 4 threads (target='dev')
[2023-06-23T02:35:23.817+0000] {subprocess.py:93} INFO - [0m02:35:23
[2023-06-23T02:35:23.827+0000] {subprocess.py:93} INFO - [0m02:35:23  1 of 4 START sql table model twitter_kafka_pyspark_test.distinct_data .......... [RUN]
[2023-06-23T02:35:23.830+0000] {subprocess.py:93} INFO - [0m02:35:23  2 of 4 START sql table model twitter_kafka_pyspark_test.dm_events .............. [RUN]
[2023-06-23T02:35:23.833+0000] {subprocess.py:93} INFO - [0m02:35:23  3 of 4 START sql table model twitter_kafka_pyspark_test.my_first_dbt_model ..... [RUN]
[2023-06-23T02:35:26.222+0000] {subprocess.py:93} INFO - [0m02:35:26  3 of 4 OK created sql table model twitter_kafka_pyspark_test.my_first_dbt_model  [[32mCREATE TABLE (2.0 rows, 0 processed)[0m in 2.38s]
[2023-06-23T02:35:26.230+0000] {subprocess.py:93} INFO - [0m02:35:26  4 of 4 START sql view model twitter_kafka_pyspark_test.my_second_dbt_model ..... [RUN]
[2023-06-23T02:35:26.464+0000] {subprocess.py:93} INFO - [0m02:35:26  2 of 4 OK created sql table model twitter_kafka_pyspark_test.dm_events ......... [[32mCREATE TABLE (217.0 rows, 32.0 KiB processed)[0m in 2.62s]
[2023-06-23T02:35:26.690+0000] {subprocess.py:93} INFO - [0m02:35:26  BigQuery adapter: https://console.cloud.google.com/bigquery?project=global-maxim-338114&j=bq:US:5c7ba15e-8467-4293-85ab-52a66b6530c9&page=queryresults
[2023-06-23T02:35:26.699+0000] {subprocess.py:93} INFO - [0m02:35:26  1 of 4 ERROR creating sql table model twitter_kafka_pyspark_test.distinct_data . [[31mERROR[0m in 2.86s]
[2023-06-23T02:35:27.024+0000] {subprocess.py:93} INFO - [0m02:35:27  4 of 4 OK created sql view model twitter_kafka_pyspark_test.my_second_dbt_model  [[32mCREATE VIEW (0 processed)[0m in 0.79s]
[2023-06-23T02:35:27.091+0000] {subprocess.py:93} INFO - [0m02:35:27
[2023-06-23T02:35:27.092+0000] {subprocess.py:93} INFO - [0m02:35:27  Finished running 3 table models, 1 view model in 0 hours 0 minutes and 4.02 seconds (4.02s).
[2023-06-23T02:35:27.110+0000] {subprocess.py:93} INFO - [0m02:35:27
[2023-06-23T02:35:27.112+0000] {subprocess.py:93} INFO - [0m02:35:27  [31mCompleted with 1 error and 0 warnings:[0m
[2023-06-23T02:35:27.113+0000] {subprocess.py:93} INFO - [0m02:35:27
[2023-06-23T02:35:27.115+0000] {subprocess.py:93} INFO - [0m02:35:27  [33mDatabase Error in model distinct_data (models/core/distinct_data.sql)[0m
[2023-06-23T02:35:27.116+0000] {subprocess.py:93} INFO - [0m02:35:27    Bad double value: \"NaN\"
[2023-06-23T02:35:27.118+0000] {subprocess.py:93} INFO - [0m02:35:27    compiled Code at target/run/ticketmaster_transformation/models/core/distinct_data.sql
[2023-06-23T02:35:27.119+0000] {subprocess.py:93} INFO - [0m02:35:27
[2023-06-23T02:35:27.120+0000] {subprocess.py:93} INFO - [0m02:35:27  Done. PASS=3 WARN=0 ERROR=1 SKIP=0 TOTAL=4
[2023-06-23T02:35:27.570+0000] {subprocess.py:97} INFO - Command exited with return code 1
[2023-06-23T02:35:27.585+0000] {taskinstance.py:1776} ERROR - Task failed with exception
Traceback (most recent call last):
  File "/home/airflow/.local/lib/python3.7/site-packages/airflow/operators/bash.py", line 197, in execute
    f"Bash command failed. The command returned a non-zero exit code {result.exit_code}."
airflow.exceptions.AirflowException: Bash command failed. The command returned a non-zero exit code 1.
[2023-06-23T02:35:27.591+0000] {taskinstance.py:1332} INFO - Marking task as FAILED. dag_id=showpulse_dbt_dag, task_id=dbt_run, execution_date=20230623T023415, start_date=20230623T023520, end_date=20230623T023527
[2023-06-23T02:35:27.605+0000] {standard_task_runner.py:105} ERROR - Failed to execute job 2818 for task dbt_run (Bash command failed. The command returned a non-zero exit code 1.; 26481)
[2023-06-23T02:35:27.652+0000] {local_task_job.py:212} INFO - Task exited with return code 1
[2023-06-23T02:35:27.669+0000] {taskinstance.py:2596} INFO - 0 downstream tasks scheduled from follow-on schedule check
