[2023-06-23T02:02:35.238+0000] {taskinstance.py:1090} INFO - Dependencies all met for dep_context=non-requeueable deps ti=<TaskInstance: showpulse_dbt_dag.dbt_run scheduled__2023-06-23T02:01:31.696804+00:00 [queued]>
[2023-06-23T02:02:35.244+0000] {taskinstance.py:1090} INFO - Dependencies all met for dep_context=requeueable deps ti=<TaskInstance: showpulse_dbt_dag.dbt_run scheduled__2023-06-23T02:01:31.696804+00:00 [queued]>
[2023-06-23T02:02:35.245+0000] {taskinstance.py:1288} INFO - 
--------------------------------------------------------------------------------
[2023-06-23T02:02:35.246+0000] {taskinstance.py:1289} INFO - Starting attempt 1 of 1
[2023-06-23T02:02:35.246+0000] {taskinstance.py:1290} INFO - 
--------------------------------------------------------------------------------
[2023-06-23T02:02:35.254+0000] {taskinstance.py:1309} INFO - Executing <Task(BashOperator): dbt_run> on 2023-06-23 02:01:31.696804+00:00
[2023-06-23T02:02:35.258+0000] {standard_task_runner.py:55} INFO - Started process 24747 to run task
[2023-06-23T02:02:35.261+0000] {standard_task_runner.py:82} INFO - Running: ['***', 'tasks', 'run', 'showpulse_dbt_dag', 'dbt_run', 'scheduled__2023-06-23T02:01:31.696804+00:00', '--job-id', '2678', '--raw', '--subdir', 'DAGS_FOLDER/dbt_run.py', '--cfg-path', '/tmp/tmpzitksvtn']
[2023-06-23T02:02:35.262+0000] {standard_task_runner.py:83} INFO - Job 2678: Subtask dbt_run
[2023-06-23T02:02:35.315+0000] {task_command.py:389} INFO - Running <TaskInstance: showpulse_dbt_dag.dbt_run scheduled__2023-06-23T02:01:31.696804+00:00 [running]> on host 62cfed75eae1
[2023-06-23T02:02:35.368+0000] {taskinstance.py:1518} INFO - Exporting the following env vars:
AIRFLOW_CTX_DAG_OWNER=nburkett
AIRFLOW_CTX_DAG_ID=showpulse_dbt_dag
AIRFLOW_CTX_TASK_ID=dbt_run
AIRFLOW_CTX_EXECUTION_DATE=2023-06-23T02:01:31.696804+00:00
AIRFLOW_CTX_TRY_NUMBER=1
AIRFLOW_CTX_DAG_RUN_ID=scheduled__2023-06-23T02:01:31.696804+00:00
[2023-06-23T02:02:35.369+0000] {subprocess.py:63} INFO - Tmp dir root location: 
 /tmp
[2023-06-23T02:02:35.370+0000] {subprocess.py:75} INFO - Running command: ['/bin/bash', '-c', 'cd /dbt/ticketmaster_transformation && dbt run']
[2023-06-23T02:02:35.378+0000] {subprocess.py:86} INFO - Output:
[2023-06-23T02:02:36.655+0000] {subprocess.py:93} INFO - [0m02:02:36  Running with dbt=1.5.1
[2023-06-23T02:02:37.164+0000] {subprocess.py:93} INFO - [0m02:02:37  Found 4 models, 0 tests, 0 snapshots, 0 analyses, 356 macros, 0 operations, 0 seed files, 3 sources, 0 exposures, 0 metrics, 0 groups
[2023-06-23T02:02:37.166+0000] {subprocess.py:93} INFO - [0m02:02:37
[2023-06-23T02:02:37.798+0000] {subprocess.py:93} INFO - [0m02:02:37  Concurrency: 4 threads (target='dev')
[2023-06-23T02:02:37.801+0000] {subprocess.py:93} INFO - [0m02:02:37
[2023-06-23T02:02:37.817+0000] {subprocess.py:93} INFO - [0m02:02:37  1 of 4 START sql table model twitter_kafka_pyspark_test.distinct_data .......... [RUN]
[2023-06-23T02:02:37.820+0000] {subprocess.py:93} INFO - [0m02:02:37  2 of 4 START sql table model twitter_kafka_pyspark_test.dm_events .............. [RUN]
[2023-06-23T02:02:37.822+0000] {subprocess.py:93} INFO - [0m02:02:37  3 of 4 START sql table model twitter_kafka_pyspark_test.my_first_dbt_model ..... [RUN]
[2023-06-23T02:02:40.467+0000] {subprocess.py:93} INFO - [0m02:02:40  3 of 4 OK created sql table model twitter_kafka_pyspark_test.my_first_dbt_model  [[32mCREATE TABLE (2.0 rows, 0 processed)[0m in 2.64s]
[2023-06-23T02:02:40.473+0000] {subprocess.py:93} INFO - [0m02:02:40  4 of 4 START sql view model twitter_kafka_pyspark_test.my_second_dbt_model ..... [RUN]
[2023-06-23T02:02:40.619+0000] {subprocess.py:93} INFO - [0m02:02:40  1 of 4 OK created sql table model twitter_kafka_pyspark_test.distinct_data ..... [[32mCREATE TABLE (1.0 rows, 0 processed)[0m in 2.79s]
[2023-06-23T02:02:41.274+0000] {subprocess.py:93} INFO - [0m02:02:41  BigQuery adapter: https://console.cloud.google.com/bigquery?project=global-maxim-338114&j=bq:US:1c0f9022-0071-43d0-b37a-9f70f1fcaf1c&page=queryresults
[2023-06-23T02:02:41.297+0000] {subprocess.py:93} INFO - [0m02:02:41  2 of 4 ERROR creating sql table model twitter_kafka_pyspark_test.dm_events ..... [[31mERROR[0m in 3.47s]
[2023-06-23T02:02:41.334+0000] {subprocess.py:93} INFO - [0m02:02:41  4 of 4 OK created sql view model twitter_kafka_pyspark_test.my_second_dbt_model  [[32mCREATE VIEW (0 processed)[0m in 0.86s]
[2023-06-23T02:02:41.394+0000] {subprocess.py:93} INFO - [0m02:02:41
[2023-06-23T02:02:41.396+0000] {subprocess.py:93} INFO - [0m02:02:41  Finished running 3 table models, 1 view model in 0 hours 0 minutes and 4.23 seconds (4.23s).
[2023-06-23T02:02:41.419+0000] {subprocess.py:93} INFO - [0m02:02:41
[2023-06-23T02:02:41.421+0000] {subprocess.py:93} INFO - [0m02:02:41  [31mCompleted with 1 error and 0 warnings:[0m
[2023-06-23T02:02:41.422+0000] {subprocess.py:93} INFO - [0m02:02:41
[2023-06-23T02:02:41.424+0000] {subprocess.py:93} INFO - [0m02:02:41  [33mDatabase Error in model dm_events (models/core/dm_events.sql)[0m
[2023-06-23T02:02:41.425+0000] {subprocess.py:93} INFO - [0m02:02:41    Unrecognized name: event_id at [14:8]
[2023-06-23T02:02:41.426+0000] {subprocess.py:93} INFO - [0m02:02:41    compiled Code at target/run/ticketmaster_transformation/models/core/dm_events.sql
[2023-06-23T02:02:41.427+0000] {subprocess.py:93} INFO - [0m02:02:41
[2023-06-23T02:02:41.428+0000] {subprocess.py:93} INFO - [0m02:02:41  Done. PASS=3 WARN=0 ERROR=1 SKIP=0 TOTAL=4
[2023-06-23T02:02:41.841+0000] {subprocess.py:97} INFO - Command exited with return code 1
[2023-06-23T02:02:41.854+0000] {taskinstance.py:1776} ERROR - Task failed with exception
Traceback (most recent call last):
  File "/home/airflow/.local/lib/python3.7/site-packages/airflow/operators/bash.py", line 197, in execute
    f"Bash command failed. The command returned a non-zero exit code {result.exit_code}."
airflow.exceptions.AirflowException: Bash command failed. The command returned a non-zero exit code 1.
[2023-06-23T02:02:41.858+0000] {taskinstance.py:1332} INFO - Marking task as FAILED. dag_id=showpulse_dbt_dag, task_id=dbt_run, execution_date=20230623T020131, start_date=20230623T020235, end_date=20230623T020241
[2023-06-23T02:02:41.869+0000] {standard_task_runner.py:105} ERROR - Failed to execute job 2678 for task dbt_run (Bash command failed. The command returned a non-zero exit code 1.; 24747)
[2023-06-23T02:02:41.913+0000] {local_task_job.py:212} INFO - Task exited with return code 1
[2023-06-23T02:02:41.926+0000] {taskinstance.py:2596} INFO - 0 downstream tasks scheduled from follow-on schedule check
