[2023-06-23T02:27:36.277+0000] {taskinstance.py:1090} INFO - Dependencies all met for dep_context=non-requeueable deps ti=<TaskInstance: showpulse_dbt_dag.dbt_run scheduled__2023-06-23T02:26:31.696804+00:00 [queued]>
[2023-06-23T02:27:36.283+0000] {taskinstance.py:1090} INFO - Dependencies all met for dep_context=requeueable deps ti=<TaskInstance: showpulse_dbt_dag.dbt_run scheduled__2023-06-23T02:26:31.696804+00:00 [queued]>
[2023-06-23T02:27:36.284+0000] {taskinstance.py:1288} INFO - 
--------------------------------------------------------------------------------
[2023-06-23T02:27:36.284+0000] {taskinstance.py:1289} INFO - Starting attempt 1 of 1
[2023-06-23T02:27:36.285+0000] {taskinstance.py:1290} INFO - 
--------------------------------------------------------------------------------
[2023-06-23T02:27:36.293+0000] {taskinstance.py:1309} INFO - Executing <Task(BashOperator): dbt_run> on 2023-06-23 02:26:31.696804+00:00
[2023-06-23T02:27:36.297+0000] {standard_task_runner.py:55} INFO - Started process 26011 to run task
[2023-06-23T02:27:36.300+0000] {standard_task_runner.py:82} INFO - Running: ['***', 'tasks', 'run', 'showpulse_dbt_dag', 'dbt_run', 'scheduled__2023-06-23T02:26:31.696804+00:00', '--job-id', '2778', '--raw', '--subdir', 'DAGS_FOLDER/dbt_run.py', '--cfg-path', '/tmp/tmp5hu8_sxt']
[2023-06-23T02:27:36.301+0000] {standard_task_runner.py:83} INFO - Job 2778: Subtask dbt_run
[2023-06-23T02:27:36.352+0000] {task_command.py:389} INFO - Running <TaskInstance: showpulse_dbt_dag.dbt_run scheduled__2023-06-23T02:26:31.696804+00:00 [running]> on host 62cfed75eae1
[2023-06-23T02:27:36.401+0000] {taskinstance.py:1518} INFO - Exporting the following env vars:
AIRFLOW_CTX_DAG_OWNER=nburkett
AIRFLOW_CTX_DAG_ID=showpulse_dbt_dag
AIRFLOW_CTX_TASK_ID=dbt_run
AIRFLOW_CTX_EXECUTION_DATE=2023-06-23T02:26:31.696804+00:00
AIRFLOW_CTX_TRY_NUMBER=1
AIRFLOW_CTX_DAG_RUN_ID=scheduled__2023-06-23T02:26:31.696804+00:00
[2023-06-23T02:27:36.403+0000] {subprocess.py:63} INFO - Tmp dir root location: 
 /tmp
[2023-06-23T02:27:36.403+0000] {subprocess.py:75} INFO - Running command: ['/bin/bash', '-c', 'cd /dbt/ticketmaster_transformation && dbt run']
[2023-06-23T02:27:36.411+0000] {subprocess.py:86} INFO - Output:
[2023-06-23T02:27:37.689+0000] {subprocess.py:93} INFO - [0m02:27:37  Running with dbt=1.5.1
[2023-06-23T02:27:38.178+0000] {subprocess.py:93} INFO - [0m02:27:38  Found 4 models, 0 tests, 0 snapshots, 0 analyses, 356 macros, 0 operations, 0 seed files, 3 sources, 0 exposures, 0 metrics, 0 groups
[2023-06-23T02:27:38.181+0000] {subprocess.py:93} INFO - [0m02:27:38
[2023-06-23T02:27:38.808+0000] {subprocess.py:93} INFO - [0m02:27:38  Concurrency: 4 threads (target='dev')
[2023-06-23T02:27:38.811+0000] {subprocess.py:93} INFO - [0m02:27:38
[2023-06-23T02:27:38.827+0000] {subprocess.py:93} INFO - [0m02:27:38  1 of 4 START sql table model twitter_kafka_pyspark_test.distinct_data .......... [RUN]
[2023-06-23T02:27:38.830+0000] {subprocess.py:93} INFO - [0m02:27:38  2 of 4 START sql table model twitter_kafka_pyspark_test.dm_events .............. [RUN]
[2023-06-23T02:27:38.833+0000] {subprocess.py:93} INFO - [0m02:27:38  3 of 4 START sql table model twitter_kafka_pyspark_test.my_first_dbt_model ..... [RUN]
[2023-06-23T02:27:41.380+0000] {subprocess.py:93} INFO - [0m02:27:41  3 of 4 OK created sql table model twitter_kafka_pyspark_test.my_first_dbt_model  [[32mCREATE TABLE (2.0 rows, 0 processed)[0m in 2.54s]
[2023-06-23T02:27:41.394+0000] {subprocess.py:93} INFO - [0m02:27:41  4 of 4 START sql view model twitter_kafka_pyspark_test.my_second_dbt_model ..... [RUN]
[2023-06-23T02:27:41.418+0000] {subprocess.py:93} INFO - [0m02:27:41  2 of 4 OK created sql table model twitter_kafka_pyspark_test.dm_events ......... [[32mCREATE TABLE (217.0 rows, 32.0 KiB processed)[0m in 2.58s]
[2023-06-23T02:27:41.452+0000] {subprocess.py:93} INFO - [0m02:27:41  BigQuery adapter: https://console.cloud.google.com/bigquery?project=global-maxim-338114&j=bq:US:01a1e900-36b7-45c5-b3a8-1a69ea8215ba&page=queryresults
[2023-06-23T02:27:41.459+0000] {subprocess.py:93} INFO - [0m02:27:41  1 of 4 ERROR creating sql table model twitter_kafka_pyspark_test.distinct_data . [[31mERROR[0m in 2.62s]
[2023-06-23T02:27:42.253+0000] {subprocess.py:93} INFO - [0m02:27:42  4 of 4 OK created sql view model twitter_kafka_pyspark_test.my_second_dbt_model  [[32mCREATE VIEW (0 processed)[0m in 0.85s]
[2023-06-23T02:27:42.285+0000] {subprocess.py:93} INFO - [0m02:27:42
[2023-06-23T02:27:42.286+0000] {subprocess.py:93} INFO - [0m02:27:42  Finished running 3 table models, 1 view model in 0 hours 0 minutes and 4.10 seconds (4.10s).
[2023-06-23T02:27:42.307+0000] {subprocess.py:93} INFO - [0m02:27:42
[2023-06-23T02:27:42.308+0000] {subprocess.py:93} INFO - [0m02:27:42  [31mCompleted with 1 error and 0 warnings:[0m
[2023-06-23T02:27:42.310+0000] {subprocess.py:93} INFO - [0m02:27:42
[2023-06-23T02:27:42.312+0000] {subprocess.py:93} INFO - [0m02:27:42  [33mDatabase Error in model distinct_data (models/core/distinct_data.sql)[0m
[2023-06-23T02:27:42.314+0000] {subprocess.py:93} INFO - [0m02:27:42    Type not found: FLOAT at [46:21]
[2023-06-23T02:27:42.315+0000] {subprocess.py:93} INFO - [0m02:27:42    compiled Code at target/run/ticketmaster_transformation/models/core/distinct_data.sql
[2023-06-23T02:27:42.316+0000] {subprocess.py:93} INFO - [0m02:27:42
[2023-06-23T02:27:42.318+0000] {subprocess.py:93} INFO - [0m02:27:42  Done. PASS=3 WARN=0 ERROR=1 SKIP=0 TOTAL=4
[2023-06-23T02:27:42.744+0000] {subprocess.py:97} INFO - Command exited with return code 1
[2023-06-23T02:27:42.762+0000] {taskinstance.py:1776} ERROR - Task failed with exception
Traceback (most recent call last):
  File "/home/airflow/.local/lib/python3.7/site-packages/airflow/operators/bash.py", line 197, in execute
    f"Bash command failed. The command returned a non-zero exit code {result.exit_code}."
airflow.exceptions.AirflowException: Bash command failed. The command returned a non-zero exit code 1.
[2023-06-23T02:27:42.766+0000] {taskinstance.py:1332} INFO - Marking task as FAILED. dag_id=showpulse_dbt_dag, task_id=dbt_run, execution_date=20230623T022631, start_date=20230623T022736, end_date=20230623T022742
[2023-06-23T02:27:42.786+0000] {standard_task_runner.py:105} ERROR - Failed to execute job 2778 for task dbt_run (Bash command failed. The command returned a non-zero exit code 1.; 26011)
[2023-06-23T02:27:42.817+0000] {local_task_job.py:212} INFO - Task exited with return code 1
[2023-06-23T02:27:42.832+0000] {taskinstance.py:2596} INFO - 0 downstream tasks scheduled from follow-on schedule check
