[2023-06-21T19:58:52.834+0000] {taskinstance.py:1090} INFO - Dependencies all met for dep_context=non-requeueable deps ti=<TaskInstance: showpulse_dbt_dag.dbt_run scheduled__2023-06-21T19:57:48.116293+00:00 [queued]>
[2023-06-21T19:58:52.841+0000] {taskinstance.py:1090} INFO - Dependencies all met for dep_context=requeueable deps ti=<TaskInstance: showpulse_dbt_dag.dbt_run scheduled__2023-06-21T19:57:48.116293+00:00 [queued]>
[2023-06-21T19:58:52.841+0000] {taskinstance.py:1288} INFO - 
--------------------------------------------------------------------------------
[2023-06-21T19:58:52.842+0000] {taskinstance.py:1289} INFO - Starting attempt 1 of 1
[2023-06-21T19:58:52.842+0000] {taskinstance.py:1290} INFO - 
--------------------------------------------------------------------------------
[2023-06-21T19:58:52.850+0000] {taskinstance.py:1309} INFO - Executing <Task(BashOperator): dbt_run> on 2023-06-21 19:57:48.116293+00:00
[2023-06-21T19:58:52.853+0000] {standard_task_runner.py:55} INFO - Started process 5909 to run task
[2023-06-21T19:58:52.857+0000] {standard_task_runner.py:82} INFO - Running: ['***', 'tasks', 'run', 'showpulse_dbt_dag', 'dbt_run', 'scheduled__2023-06-21T19:57:48.116293+00:00', '--job-id', '970', '--raw', '--subdir', 'DAGS_FOLDER/dbt_run.py', '--cfg-path', '/tmp/tmpkzjbkbb4']
[2023-06-21T19:58:52.858+0000] {standard_task_runner.py:83} INFO - Job 970: Subtask dbt_run
[2023-06-21T19:58:52.910+0000] {task_command.py:389} INFO - Running <TaskInstance: showpulse_dbt_dag.dbt_run scheduled__2023-06-21T19:57:48.116293+00:00 [running]> on host 62cfed75eae1
[2023-06-21T19:58:52.959+0000] {taskinstance.py:1518} INFO - Exporting the following env vars:
AIRFLOW_CTX_DAG_OWNER=nburkett
AIRFLOW_CTX_DAG_ID=showpulse_dbt_dag
AIRFLOW_CTX_TASK_ID=dbt_run
AIRFLOW_CTX_EXECUTION_DATE=2023-06-21T19:57:48.116293+00:00
AIRFLOW_CTX_TRY_NUMBER=1
AIRFLOW_CTX_DAG_RUN_ID=scheduled__2023-06-21T19:57:48.116293+00:00
[2023-06-21T19:58:52.960+0000] {subprocess.py:63} INFO - Tmp dir root location: 
 /tmp
[2023-06-21T19:58:52.961+0000] {subprocess.py:75} INFO - Running command: ['/bin/bash', '-c', 'cd /dbt/ticketmaster_transformation && dbt run']
[2023-06-21T19:58:52.970+0000] {subprocess.py:86} INFO - Output:
[2023-06-21T19:58:54.218+0000] {subprocess.py:93} INFO - [0m19:58:54  Running with dbt=1.5.1
[2023-06-21T19:58:54.687+0000] {subprocess.py:93} INFO - [0m19:58:54  Found 4 models, 0 tests, 0 snapshots, 0 analyses, 356 macros, 0 operations, 0 seed files, 3 sources, 0 exposures, 0 metrics, 0 groups
[2023-06-21T19:58:54.690+0000] {subprocess.py:93} INFO - [0m19:58:54
[2023-06-21T19:58:55.520+0000] {subprocess.py:93} INFO - [0m19:58:55  Concurrency: 4 threads (target='dev')
[2023-06-21T19:58:55.524+0000] {subprocess.py:93} INFO - [0m19:58:55
[2023-06-21T19:58:55.544+0000] {subprocess.py:93} INFO - [0m19:58:55  1 of 4 START sql table model twitter_kafka_pyspark_test.distinct_data .......... [RUN]
[2023-06-21T19:58:55.551+0000] {subprocess.py:93} INFO - [0m19:58:55  2 of 4 START sql table model twitter_kafka_pyspark_test.dm_events .............. [RUN]
[2023-06-21T19:58:55.554+0000] {subprocess.py:93} INFO - [0m19:58:55  3 of 4 START sql table model twitter_kafka_pyspark_test.my_first_dbt_model ..... [RUN]
[2023-06-21T20:22:53.486+0000] {subprocess.py:93} INFO - [0m20:22:53  2 of 4 ERROR creating sql table model twitter_kafka_pyspark_test.dm_events ..... [[31mERROR[0m in 1437.92s]
[2023-06-21T20:22:53.490+0000] {subprocess.py:93} INFO - [0m20:22:53  3 of 4 ERROR creating sql table model twitter_kafka_pyspark_test.my_first_dbt_model  [[31mERROR[0m in 1437.93s]
[2023-06-21T20:22:53.494+0000] {subprocess.py:93} INFO - [0m20:22:53  1 of 4 ERROR creating sql table model twitter_kafka_pyspark_test.distinct_data . [[31mERROR[0m in 1437.93s]
[2023-06-21T20:22:53.501+0000] {subprocess.py:93} INFO - [0m20:22:53  4 of 4 SKIP relation twitter_kafka_pyspark_test.my_second_dbt_model ............ [[33mSKIP[0m]
[2023-06-21T20:22:53.602+0000] {subprocess.py:93} INFO - [0m20:22:53
[2023-06-21T20:22:53.603+0000] {subprocess.py:93} INFO - [0m20:22:53  Finished running 3 table models, 1 view model in 0 hours 23 minutes and 58.91 seconds (1438.91s).
[2023-06-21T20:22:53.619+0000] {subprocess.py:93} INFO - [0m20:22:53
[2023-06-21T20:22:53.620+0000] {subprocess.py:93} INFO - [0m20:22:53  [31mCompleted with 3 errors and 0 warnings:[0m
[2023-06-21T20:22:53.621+0000] {subprocess.py:93} INFO - [0m20:22:53
[2023-06-21T20:22:53.622+0000] {subprocess.py:93} INFO - [0m20:22:53  [33mRuntime Error in model my_first_dbt_model (models/example/my_first_dbt_model.sql)[0m
[2023-06-21T20:22:53.623+0000] {subprocess.py:93} INFO - [0m20:22:53    Deadline of 600.0s exceeded while calling target function, last exception: ('Connection aborted.', RemoteDisconnected('Remote end closed connection without response'))
[2023-06-21T20:22:53.625+0000] {subprocess.py:93} INFO - [0m20:22:53
[2023-06-21T20:22:53.626+0000] {subprocess.py:93} INFO - [0m20:22:53  [33mRuntime Error in model dm_events (models/core/dm_events.sql)[0m
[2023-06-21T20:22:53.626+0000] {subprocess.py:93} INFO - [0m20:22:53    Deadline of 600.0s exceeded while calling target function, last exception: ('Connection aborted.', RemoteDisconnected('Remote end closed connection without response'))
[2023-06-21T20:22:53.627+0000] {subprocess.py:93} INFO - [0m20:22:53
[2023-06-21T20:22:53.628+0000] {subprocess.py:93} INFO - [0m20:22:53  [33mRuntime Error in model distinct_data (models/core/distinct_data.sql)[0m
[2023-06-21T20:22:53.629+0000] {subprocess.py:93} INFO - [0m20:22:53    Deadline of 600.0s exceeded while calling target function, last exception: ('Connection aborted.', RemoteDisconnected('Remote end closed connection without response'))
[2023-06-21T20:22:53.631+0000] {subprocess.py:93} INFO - [0m20:22:53
[2023-06-21T20:22:53.632+0000] {subprocess.py:93} INFO - [0m20:22:53  Done. PASS=0 WARN=0 ERROR=3 SKIP=1 TOTAL=4
[2023-06-21T20:22:54.222+0000] {subprocess.py:97} INFO - Command exited with return code 1
[2023-06-21T20:22:54.242+0000] {taskinstance.py:1776} ERROR - Task failed with exception
Traceback (most recent call last):
  File "/home/airflow/.local/lib/python3.7/site-packages/airflow/operators/bash.py", line 197, in execute
    f"Bash command failed. The command returned a non-zero exit code {result.exit_code}."
airflow.exceptions.AirflowException: Bash command failed. The command returned a non-zero exit code 1.
[2023-06-21T20:22:54.247+0000] {taskinstance.py:1332} INFO - Marking task as FAILED. dag_id=showpulse_dbt_dag, task_id=dbt_run, execution_date=20230621T195748, start_date=20230621T195852, end_date=20230621T202254
[2023-06-21T20:22:54.261+0000] {standard_task_runner.py:105} ERROR - Failed to execute job 970 for task dbt_run (Bash command failed. The command returned a non-zero exit code 1.; 5909)
[2023-06-21T20:22:54.295+0000] {local_task_job.py:212} INFO - Task exited with return code 1
[2023-06-21T20:22:54.315+0000] {taskinstance.py:2596} INFO - 0 downstream tasks scheduled from follow-on schedule check
